Collecting coverage>=6.0
  Using cached coverage-7.4.4-cp310-cp310-macosx_11_0_arm64.whl.metadata (8.2 kB)
Collecting flake8>=4.0
  Using cached flake8-7.0.0-py2.py3-none-any.whl.metadata (3.8 kB)
Collecting pypandoc~=1.4
  Using cached pypandoc-1.13-py3-none-any.whl.metadata (16 kB)
Collecting twine>=1.15.0
  Using cached twine-5.0.0-py3-none-any.whl.metadata (3.3 kB)
Collecting unittest-xml-reporting>=3.0.4
  Using cached unittest_xml_reporting-3.2.0-py2.py3-none-any.whl.metadata (11 kB)
Collecting mccabe<0.8.0,>=0.7.0 (from flake8>=4.0)
  Using cached mccabe-0.7.0-py2.py3-none-any.whl.metadata (5.0 kB)
Collecting pycodestyle<2.12.0,>=2.11.0 (from flake8>=4.0)
  Using cached pycodestyle-2.11.1-py2.py3-none-any.whl.metadata (4.5 kB)
Collecting pyflakes<3.3.0,>=3.2.0 (from flake8>=4.0)
  Using cached pyflakes-3.2.0-py2.py3-none-any.whl.metadata (3.5 kB)
Collecting pkginfo>=1.8.1 (from twine>=1.15.0)
  Using cached pkginfo-1.10.0-py3-none-any.whl.metadata (11 kB)
Collecting readme-renderer>=35.0 (from twine>=1.15.0)
  Using cached readme_renderer-43.0-py3-none-any.whl.metadata (2.8 kB)
Collecting requests>=2.20 (from twine>=1.15.0)
  Using cached requests-2.31.0-py3-none-any.whl.metadata (4.6 kB)
Collecting requests-toolbelt!=0.9.0,>=0.8.0 (from twine>=1.15.0)
  Using cached requests_toolbelt-1.0.0-py2.py3-none-any.whl.metadata (14 kB)
Collecting urllib3>=1.26.0 (from twine>=1.15.0)
  Using cached urllib3-2.2.1-py3-none-any.whl.metadata (6.4 kB)
Collecting importlib-metadata>=3.6 (from twine>=1.15.0)
  Using cached importlib_metadata-7.1.0-py3-none-any.whl.metadata (4.7 kB)
Collecting keyring>=15.1 (from twine>=1.15.0)
  Downloading keyring-25.1.0-py3-none-any.whl.metadata (20 kB)
Collecting rfc3986>=1.4.0 (from twine>=1.15.0)
  Using cached rfc3986-2.0.0-py2.py3-none-any.whl.metadata (6.6 kB)
Collecting rich>=12.0.0 (from twine>=1.15.0)
  Using cached rich-13.7.1-py3-none-any.whl.metadata (18 kB)
Collecting lxml (from unittest-xml-reporting>=3.0.4)
  Downloading lxml-5.2.1-cp310-cp310-macosx_10_9_universal2.whl.metadata (3.4 kB)
Collecting zipp>=0.5 (from importlib-metadata>=3.6->twine>=1.15.0)
  Using cached zipp-3.18.1-py3-none-any.whl.metadata (3.5 kB)
Collecting jaraco.classes (from keyring>=15.1->twine>=1.15.0)
  Using cached jaraco.classes-3.4.0-py3-none-any.whl.metadata (2.6 kB)
Collecting jaraco.functools (from keyring>=15.1->twine>=1.15.0)
  Using cached jaraco.functools-4.0.0-py3-none-any.whl.metadata (3.1 kB)
Collecting jaraco.context (from keyring>=15.1->twine>=1.15.0)
  Downloading jaraco.context-5.3.0-py3-none-any.whl.metadata (4.0 kB)
Collecting nh3>=0.2.14 (from readme-renderer>=35.0->twine>=1.15.0)
  Using cached nh3-0.2.17-cp37-abi3-macosx_10_12_x86_64.macosx_11_0_arm64.macosx_10_12_universal2.whl.metadata (1.7 kB)
Collecting docutils>=0.13.1 (from readme-renderer>=35.0->twine>=1.15.0)
  Downloading docutils-0.21.1-py3-none-any.whl.metadata (2.7 kB)
Collecting Pygments>=2.5.1 (from readme-renderer>=35.0->twine>=1.15.0)
  Using cached pygments-2.17.2-py3-none-any.whl.metadata (2.6 kB)
Collecting charset-normalizer<4,>=2 (from requests>=2.20->twine>=1.15.0)
  Using cached charset_normalizer-3.3.2-cp310-cp310-macosx_11_0_arm64.whl.metadata (33 kB)
Collecting idna<4,>=2.5 (from requests>=2.20->twine>=1.15.0)
  Downloading idna-3.7-py3-none-any.whl.metadata (9.9 kB)
Collecting certifi>=2017.4.17 (from requests>=2.20->twine>=1.15.0)
  Using cached certifi-2024.2.2-py3-none-any.whl.metadata (2.2 kB)
Collecting markdown-it-py>=2.2.0 (from rich>=12.0.0->twine>=1.15.0)
  Using cached markdown_it_py-3.0.0-py3-none-any.whl.metadata (6.9 kB)
Collecting mdurl~=0.1 (from markdown-it-py>=2.2.0->rich>=12.0.0->twine>=1.15.0)
  Using cached mdurl-0.1.2-py3-none-any.whl.metadata (1.6 kB)
Collecting more-itertools (from jaraco.classes->keyring>=15.1->twine>=1.15.0)
  Using cached more_itertools-10.2.0-py3-none-any.whl.metadata (34 kB)
Collecting backports.tarfile (from jaraco.context->keyring>=15.1->twine>=1.15.0)
  Downloading backports.tarfile-1.1.0-py3-none-any.whl.metadata (1.9 kB)
Using cached coverage-7.4.4-cp310-cp310-macosx_11_0_arm64.whl (206 kB)
Using cached flake8-7.0.0-py2.py3-none-any.whl (57 kB)
Using cached pypandoc-1.13-py3-none-any.whl (21 kB)
Using cached twine-5.0.0-py3-none-any.whl (37 kB)
Using cached unittest_xml_reporting-3.2.0-py2.py3-none-any.whl (20 kB)
Using cached importlib_metadata-7.1.0-py3-none-any.whl (24 kB)
Downloading keyring-25.1.0-py3-none-any.whl (37 kB)
Using cached mccabe-0.7.0-py2.py3-none-any.whl (7.3 kB)
Using cached pkginfo-1.10.0-py3-none-any.whl (30 kB)
Using cached pycodestyle-2.11.1-py2.py3-none-any.whl (31 kB)
Using cached pyflakes-3.2.0-py2.py3-none-any.whl (62 kB)
Using cached readme_renderer-43.0-py3-none-any.whl (13 kB)
Using cached requests-2.31.0-py3-none-any.whl (62 kB)
Using cached requests_toolbelt-1.0.0-py2.py3-none-any.whl (54 kB)
Using cached rfc3986-2.0.0-py2.py3-none-any.whl (31 kB)
Using cached rich-13.7.1-py3-none-any.whl (240 kB)
Using cached urllib3-2.2.1-py3-none-any.whl (121 kB)
Downloading lxml-5.2.1-cp310-cp310-macosx_10_9_universal2.whl (8.5 MB)
   ━━━━━━━━━━━━━━━━━━━━━━━━━━━━━━━━━━━━━━━━ 8.5/8.5 MB 16.0 MB/s eta 0:00:00
Using cached certifi-2024.2.2-py3-none-any.whl (163 kB)
Using cached charset_normalizer-3.3.2-cp310-cp310-macosx_11_0_arm64.whl (120 kB)
Downloading docutils-0.21.1-py3-none-any.whl (587 kB)
   ━━━━━━━━━━━━━━━━━━━━━━━━━━━━━━━━━━━━━━━━ 587.4/587.4 kB 23.9 MB/s eta 0:00:00
Downloading idna-3.7-py3-none-any.whl (66 kB)
   ━━━━━━━━━━━━━━━━━━━━━━━━━━━━━━━━━━━━━━━━ 66.8/66.8 kB 6.6 MB/s eta 0:00:00
Using cached markdown_it_py-3.0.0-py3-none-any.whl (87 kB)
Using cached nh3-0.2.17-cp37-abi3-macosx_10_12_x86_64.macosx_11_0_arm64.macosx_10_12_universal2.whl (1.4 MB)
Using cached pygments-2.17.2-py3-none-any.whl (1.2 MB)
Using cached zipp-3.18.1-py3-none-any.whl (8.2 kB)
Using cached jaraco.classes-3.4.0-py3-none-any.whl (6.8 kB)
Downloading jaraco.context-5.3.0-py3-none-any.whl (6.5 kB)
Using cached jaraco.functools-4.0.0-py3-none-any.whl (9.8 kB)
Using cached mdurl-0.1.2-py3-none-any.whl (10.0 kB)
Downloading backports.tarfile-1.1.0-py3-none-any.whl (29 kB)
Using cached more_itertools-10.2.0-py3-none-any.whl (57 kB)
Installing collected packages: nh3, zipp, urllib3, rfc3986, pypandoc, Pygments, pyflakes, pycodestyle, pkginfo, more-itertools, mdurl, mccabe, lxml, idna, docutils, coverage, charset-normalizer, certifi, backports.tarfile, unittest-xml-reporting, requests, readme-renderer, markdown-it-py, jaraco.functools, jaraco.context, jaraco.classes, importlib-metadata, flake8, rich, requests-toolbelt, keyring, twine
Successfully installed Pygments-2.17.2 backports.tarfile-1.1.0 certifi-2024.2.2 charset-normalizer-3.3.2 coverage-7.4.4 docutils-0.21.1 flake8-7.0.0 idna-3.7 importlib-metadata-7.1.0 jaraco.classes-3.4.0 jaraco.context-5.3.0 jaraco.functools-4.0.0 keyring-25.1.0 lxml-5.2.1 markdown-it-py-3.0.0 mccabe-0.7.0 mdurl-0.1.2 more-itertools-10.2.0 nh3-0.2.17 pkginfo-1.10.0 pycodestyle-2.11.1 pyflakes-3.2.0 pypandoc-1.13 readme-renderer-43.0 requests-2.31.0 requests-toolbelt-1.0.0 rfc3986-2.0.0 rich-13.7.1 twine-5.0.0 unittest-xml-reporting-3.2.0 urllib3-2.2.1 zipp-3.18.1

[notice] A new release of pip is available: 23.3.1 -> 24.0
[notice] To update, run: pip install --upgrade pip
Requirement already satisfied: setuptools>=38.6.0 in ./.pybuilder/plugins/cpython-3.10.8.final.0/lib/python3.10/site-packages (69.0.2)
Requirement already satisfied: wheel>=0.34.0 in ./.pybuilder/plugins/cpython-3.10.8.final.0/lib/python3.10/site-packages (0.42.0)

[notice] A new release of pip is available: 23.3.1 -> 24.0
[notice] To update, run: pip install --upgrade pip
Requirement already satisfied: coverage>=6.0 in ./.pybuilder/plugins/cpython-3.10.8.final.0/lib/python3.10/site-packages (7.4.4)
Requirement already satisfied: flake8>=4.0 in ./.pybuilder/plugins/cpython-3.10.8.final.0/lib/python3.10/site-packages (7.0.0)
Requirement already satisfied: pypandoc~=1.4 in ./.pybuilder/plugins/cpython-3.10.8.final.0/lib/python3.10/site-packages (1.13)
Requirement already satisfied: twine>=1.15.0 in ./.pybuilder/plugins/cpython-3.10.8.final.0/lib/python3.10/site-packages (5.0.0)
Requirement already satisfied: unittest-xml-reporting>=3.0.4 in ./.pybuilder/plugins/cpython-3.10.8.final.0/lib/python3.10/site-packages (3.2.0)
Requirement already satisfied: mccabe<0.8.0,>=0.7.0 in ./.pybuilder/plugins/cpython-3.10.8.final.0/lib/python3.10/site-packages (from flake8>=4.0) (0.7.0)
Requirement already satisfied: pycodestyle<2.12.0,>=2.11.0 in ./.pybuilder/plugins/cpython-3.10.8.final.0/lib/python3.10/site-packages (from flake8>=4.0) (2.11.1)
Requirement already satisfied: pyflakes<3.3.0,>=3.2.0 in ./.pybuilder/plugins/cpython-3.10.8.final.0/lib/python3.10/site-packages (from flake8>=4.0) (3.2.0)
Requirement already satisfied: pkginfo>=1.8.1 in ./.pybuilder/plugins/cpython-3.10.8.final.0/lib/python3.10/site-packages (from twine>=1.15.0) (1.10.0)
Requirement already satisfied: readme-renderer>=35.0 in ./.pybuilder/plugins/cpython-3.10.8.final.0/lib/python3.10/site-packages (from twine>=1.15.0) (43.0)
Requirement already satisfied: requests>=2.20 in ./.pybuilder/plugins/cpython-3.10.8.final.0/lib/python3.10/site-packages (from twine>=1.15.0) (2.31.0)
Requirement already satisfied: requests-toolbelt!=0.9.0,>=0.8.0 in ./.pybuilder/plugins/cpython-3.10.8.final.0/lib/python3.10/site-packages (from twine>=1.15.0) (1.0.0)
Requirement already satisfied: urllib3>=1.26.0 in ./.pybuilder/plugins/cpython-3.10.8.final.0/lib/python3.10/site-packages (from twine>=1.15.0) (2.2.1)
Requirement already satisfied: importlib-metadata>=3.6 in ./.pybuilder/plugins/cpython-3.10.8.final.0/lib/python3.10/site-packages (from twine>=1.15.0) (7.1.0)
Requirement already satisfied: keyring>=15.1 in ./.pybuilder/plugins/cpython-3.10.8.final.0/lib/python3.10/site-packages (from twine>=1.15.0) (25.1.0)
Requirement already satisfied: rfc3986>=1.4.0 in ./.pybuilder/plugins/cpython-3.10.8.final.0/lib/python3.10/site-packages (from twine>=1.15.0) (2.0.0)
Requirement already satisfied: rich>=12.0.0 in ./.pybuilder/plugins/cpython-3.10.8.final.0/lib/python3.10/site-packages (from twine>=1.15.0) (13.7.1)
Requirement already satisfied: lxml in ./.pybuilder/plugins/cpython-3.10.8.final.0/lib/python3.10/site-packages (from unittest-xml-reporting>=3.0.4) (5.2.1)
Requirement already satisfied: zipp>=0.5 in ./.pybuilder/plugins/cpython-3.10.8.final.0/lib/python3.10/site-packages (from importlib-metadata>=3.6->twine>=1.15.0) (3.18.1)
Requirement already satisfied: jaraco.classes in ./.pybuilder/plugins/cpython-3.10.8.final.0/lib/python3.10/site-packages (from keyring>=15.1->twine>=1.15.0) (3.4.0)
Requirement already satisfied: jaraco.functools in ./.pybuilder/plugins/cpython-3.10.8.final.0/lib/python3.10/site-packages (from keyring>=15.1->twine>=1.15.0) (4.0.0)
Requirement already satisfied: jaraco.context in ./.pybuilder/plugins/cpython-3.10.8.final.0/lib/python3.10/site-packages (from keyring>=15.1->twine>=1.15.0) (5.3.0)
Requirement already satisfied: nh3>=0.2.14 in ./.pybuilder/plugins/cpython-3.10.8.final.0/lib/python3.10/site-packages (from readme-renderer>=35.0->twine>=1.15.0) (0.2.17)
Requirement already satisfied: docutils>=0.13.1 in ./.pybuilder/plugins/cpython-3.10.8.final.0/lib/python3.10/site-packages (from readme-renderer>=35.0->twine>=1.15.0) (0.21.1)
Requirement already satisfied: Pygments>=2.5.1 in ./.pybuilder/plugins/cpython-3.10.8.final.0/lib/python3.10/site-packages (from readme-renderer>=35.0->twine>=1.15.0) (2.17.2)
Requirement already satisfied: charset-normalizer<4,>=2 in ./.pybuilder/plugins/cpython-3.10.8.final.0/lib/python3.10/site-packages (from requests>=2.20->twine>=1.15.0) (3.3.2)
Requirement already satisfied: idna<4,>=2.5 in ./.pybuilder/plugins/cpython-3.10.8.final.0/lib/python3.10/site-packages (from requests>=2.20->twine>=1.15.0) (3.7)
Requirement already satisfied: certifi>=2017.4.17 in ./.pybuilder/plugins/cpython-3.10.8.final.0/lib/python3.10/site-packages (from requests>=2.20->twine>=1.15.0) (2024.2.2)
Requirement already satisfied: markdown-it-py>=2.2.0 in ./.pybuilder/plugins/cpython-3.10.8.final.0/lib/python3.10/site-packages (from rich>=12.0.0->twine>=1.15.0) (3.0.0)
Requirement already satisfied: mdurl~=0.1 in ./.pybuilder/plugins/cpython-3.10.8.final.0/lib/python3.10/site-packages (from markdown-it-py>=2.2.0->rich>=12.0.0->twine>=1.15.0) (0.1.2)
Requirement already satisfied: more-itertools in ./.pybuilder/plugins/cpython-3.10.8.final.0/lib/python3.10/site-packages (from jaraco.classes->keyring>=15.1->twine>=1.15.0) (10.2.0)
Requirement already satisfied: backports.tarfile in ./.pybuilder/plugins/cpython-3.10.8.final.0/lib/python3.10/site-packages (from jaraco.context->keyring>=15.1->twine>=1.15.0) (1.1.0)

[notice] A new release of pip is available: 23.3.1 -> 24.0
[notice] To update, run: pip install --upgrade pip
Requirement already satisfied: setuptools>=38.6.0 in ./.pybuilder/plugins/cpython-3.10.8.final.0/lib/python3.10/site-packages (69.0.2)
Requirement already satisfied: wheel>=0.34.0 in ./.pybuilder/plugins/cpython-3.10.8.final.0/lib/python3.10/site-packages (0.42.0)

[notice] A new release of pip is available: 23.3.1 -> 24.0
[notice] To update, run: pip install --upgrade pip
Requirement already satisfied: coverage>=6.0 in ./.pybuilder/plugins/cpython-3.10.8.final.0/lib/python3.10/site-packages (7.4.4)
Requirement already satisfied: flake8>=4.0 in ./.pybuilder/plugins/cpython-3.10.8.final.0/lib/python3.10/site-packages (7.0.0)
Requirement already satisfied: pypandoc~=1.4 in ./.pybuilder/plugins/cpython-3.10.8.final.0/lib/python3.10/site-packages (1.13)
Requirement already satisfied: twine>=1.15.0 in ./.pybuilder/plugins/cpython-3.10.8.final.0/lib/python3.10/site-packages (5.0.0)
Requirement already satisfied: unittest-xml-reporting>=3.0.4 in ./.pybuilder/plugins/cpython-3.10.8.final.0/lib/python3.10/site-packages (3.2.0)
Requirement already satisfied: mccabe<0.8.0,>=0.7.0 in ./.pybuilder/plugins/cpython-3.10.8.final.0/lib/python3.10/site-packages (from flake8>=4.0) (0.7.0)
Requirement already satisfied: pycodestyle<2.12.0,>=2.11.0 in ./.pybuilder/plugins/cpython-3.10.8.final.0/lib/python3.10/site-packages (from flake8>=4.0) (2.11.1)
Requirement already satisfied: pyflakes<3.3.0,>=3.2.0 in ./.pybuilder/plugins/cpython-3.10.8.final.0/lib/python3.10/site-packages (from flake8>=4.0) (3.2.0)
Requirement already satisfied: pkginfo>=1.8.1 in ./.pybuilder/plugins/cpython-3.10.8.final.0/lib/python3.10/site-packages (from twine>=1.15.0) (1.10.0)
Requirement already satisfied: readme-renderer>=35.0 in ./.pybuilder/plugins/cpython-3.10.8.final.0/lib/python3.10/site-packages (from twine>=1.15.0) (43.0)
Requirement already satisfied: requests>=2.20 in ./.pybuilder/plugins/cpython-3.10.8.final.0/lib/python3.10/site-packages (from twine>=1.15.0) (2.31.0)
Requirement already satisfied: requests-toolbelt!=0.9.0,>=0.8.0 in ./.pybuilder/plugins/cpython-3.10.8.final.0/lib/python3.10/site-packages (from twine>=1.15.0) (1.0.0)
Requirement already satisfied: urllib3>=1.26.0 in ./.pybuilder/plugins/cpython-3.10.8.final.0/lib/python3.10/site-packages (from twine>=1.15.0) (2.2.1)
Requirement already satisfied: importlib-metadata>=3.6 in ./.pybuilder/plugins/cpython-3.10.8.final.0/lib/python3.10/site-packages (from twine>=1.15.0) (7.1.0)
Requirement already satisfied: keyring>=15.1 in ./.pybuilder/plugins/cpython-3.10.8.final.0/lib/python3.10/site-packages (from twine>=1.15.0) (25.1.0)
Requirement already satisfied: rfc3986>=1.4.0 in ./.pybuilder/plugins/cpython-3.10.8.final.0/lib/python3.10/site-packages (from twine>=1.15.0) (2.0.0)
Requirement already satisfied: rich>=12.0.0 in ./.pybuilder/plugins/cpython-3.10.8.final.0/lib/python3.10/site-packages (from twine>=1.15.0) (13.7.1)
Requirement already satisfied: lxml in ./.pybuilder/plugins/cpython-3.10.8.final.0/lib/python3.10/site-packages (from unittest-xml-reporting>=3.0.4) (5.2.1)
Requirement already satisfied: zipp>=0.5 in ./.pybuilder/plugins/cpython-3.10.8.final.0/lib/python3.10/site-packages (from importlib-metadata>=3.6->twine>=1.15.0) (3.18.1)
Requirement already satisfied: jaraco.classes in ./.pybuilder/plugins/cpython-3.10.8.final.0/lib/python3.10/site-packages (from keyring>=15.1->twine>=1.15.0) (3.4.0)
Requirement already satisfied: jaraco.functools in ./.pybuilder/plugins/cpython-3.10.8.final.0/lib/python3.10/site-packages (from keyring>=15.1->twine>=1.15.0) (4.0.0)
Requirement already satisfied: jaraco.context in ./.pybuilder/plugins/cpython-3.10.8.final.0/lib/python3.10/site-packages (from keyring>=15.1->twine>=1.15.0) (5.3.0)
Requirement already satisfied: nh3>=0.2.14 in ./.pybuilder/plugins/cpython-3.10.8.final.0/lib/python3.10/site-packages (from readme-renderer>=35.0->twine>=1.15.0) (0.2.17)
Requirement already satisfied: docutils>=0.13.1 in ./.pybuilder/plugins/cpython-3.10.8.final.0/lib/python3.10/site-packages (from readme-renderer>=35.0->twine>=1.15.0) (0.21.1)
Requirement already satisfied: Pygments>=2.5.1 in ./.pybuilder/plugins/cpython-3.10.8.final.0/lib/python3.10/site-packages (from readme-renderer>=35.0->twine>=1.15.0) (2.17.2)
Requirement already satisfied: charset-normalizer<4,>=2 in ./.pybuilder/plugins/cpython-3.10.8.final.0/lib/python3.10/site-packages (from requests>=2.20->twine>=1.15.0) (3.3.2)
Requirement already satisfied: idna<4,>=2.5 in ./.pybuilder/plugins/cpython-3.10.8.final.0/lib/python3.10/site-packages (from requests>=2.20->twine>=1.15.0) (3.7)
Requirement already satisfied: certifi>=2017.4.17 in ./.pybuilder/plugins/cpython-3.10.8.final.0/lib/python3.10/site-packages (from requests>=2.20->twine>=1.15.0) (2024.2.2)
Requirement already satisfied: markdown-it-py>=2.2.0 in ./.pybuilder/plugins/cpython-3.10.8.final.0/lib/python3.10/site-packages (from rich>=12.0.0->twine>=1.15.0) (3.0.0)
Requirement already satisfied: mdurl~=0.1 in ./.pybuilder/plugins/cpython-3.10.8.final.0/lib/python3.10/site-packages (from markdown-it-py>=2.2.0->rich>=12.0.0->twine>=1.15.0) (0.1.2)
Requirement already satisfied: more-itertools in ./.pybuilder/plugins/cpython-3.10.8.final.0/lib/python3.10/site-packages (from jaraco.classes->keyring>=15.1->twine>=1.15.0) (10.2.0)
Requirement already satisfied: backports.tarfile in ./.pybuilder/plugins/cpython-3.10.8.final.0/lib/python3.10/site-packages (from jaraco.context->keyring>=15.1->twine>=1.15.0) (1.1.0)

[notice] A new release of pip is available: 23.3.1 -> 24.0
[notice] To update, run: pip install --upgrade pip
Requirement already satisfied: setuptools>=38.6.0 in ./.pybuilder/plugins/cpython-3.10.8.final.0/lib/python3.10/site-packages (69.0.2)
Requirement already satisfied: wheel>=0.34.0 in ./.pybuilder/plugins/cpython-3.10.8.final.0/lib/python3.10/site-packages (0.42.0)

[notice] A new release of pip is available: 23.3.1 -> 24.0
[notice] To update, run: pip install --upgrade pip
Requirement already satisfied: coverage>=6.0 in ./.pybuilder/plugins/cpython-3.10.8.final.0/lib/python3.10/site-packages (7.4.4)
Requirement already satisfied: flake8>=4.0 in ./.pybuilder/plugins/cpython-3.10.8.final.0/lib/python3.10/site-packages (7.0.0)
Requirement already satisfied: pypandoc~=1.4 in ./.pybuilder/plugins/cpython-3.10.8.final.0/lib/python3.10/site-packages (1.13)
Requirement already satisfied: twine>=1.15.0 in ./.pybuilder/plugins/cpython-3.10.8.final.0/lib/python3.10/site-packages (5.0.0)
Requirement already satisfied: unittest-xml-reporting>=3.0.4 in ./.pybuilder/plugins/cpython-3.10.8.final.0/lib/python3.10/site-packages (3.2.0)
Requirement already satisfied: mccabe<0.8.0,>=0.7.0 in ./.pybuilder/plugins/cpython-3.10.8.final.0/lib/python3.10/site-packages (from flake8>=4.0) (0.7.0)
Requirement already satisfied: pycodestyle<2.12.0,>=2.11.0 in ./.pybuilder/plugins/cpython-3.10.8.final.0/lib/python3.10/site-packages (from flake8>=4.0) (2.11.1)
Requirement already satisfied: pyflakes<3.3.0,>=3.2.0 in ./.pybuilder/plugins/cpython-3.10.8.final.0/lib/python3.10/site-packages (from flake8>=4.0) (3.2.0)
Requirement already satisfied: pkginfo>=1.8.1 in ./.pybuilder/plugins/cpython-3.10.8.final.0/lib/python3.10/site-packages (from twine>=1.15.0) (1.10.0)
Requirement already satisfied: readme-renderer>=35.0 in ./.pybuilder/plugins/cpython-3.10.8.final.0/lib/python3.10/site-packages (from twine>=1.15.0) (43.0)
Requirement already satisfied: requests>=2.20 in ./.pybuilder/plugins/cpython-3.10.8.final.0/lib/python3.10/site-packages (from twine>=1.15.0) (2.31.0)
Requirement already satisfied: requests-toolbelt!=0.9.0,>=0.8.0 in ./.pybuilder/plugins/cpython-3.10.8.final.0/lib/python3.10/site-packages (from twine>=1.15.0) (1.0.0)
Requirement already satisfied: urllib3>=1.26.0 in ./.pybuilder/plugins/cpython-3.10.8.final.0/lib/python3.10/site-packages (from twine>=1.15.0) (2.2.1)
Requirement already satisfied: importlib-metadata>=3.6 in ./.pybuilder/plugins/cpython-3.10.8.final.0/lib/python3.10/site-packages (from twine>=1.15.0) (7.1.0)
Requirement already satisfied: keyring>=15.1 in ./.pybuilder/plugins/cpython-3.10.8.final.0/lib/python3.10/site-packages (from twine>=1.15.0) (25.1.0)
Requirement already satisfied: rfc3986>=1.4.0 in ./.pybuilder/plugins/cpython-3.10.8.final.0/lib/python3.10/site-packages (from twine>=1.15.0) (2.0.0)
Requirement already satisfied: rich>=12.0.0 in ./.pybuilder/plugins/cpython-3.10.8.final.0/lib/python3.10/site-packages (from twine>=1.15.0) (13.7.1)
Requirement already satisfied: lxml in ./.pybuilder/plugins/cpython-3.10.8.final.0/lib/python3.10/site-packages (from unittest-xml-reporting>=3.0.4) (5.2.1)
Requirement already satisfied: zipp>=0.5 in ./.pybuilder/plugins/cpython-3.10.8.final.0/lib/python3.10/site-packages (from importlib-metadata>=3.6->twine>=1.15.0) (3.18.1)
Requirement already satisfied: jaraco.classes in ./.pybuilder/plugins/cpython-3.10.8.final.0/lib/python3.10/site-packages (from keyring>=15.1->twine>=1.15.0) (3.4.0)
Requirement already satisfied: jaraco.functools in ./.pybuilder/plugins/cpython-3.10.8.final.0/lib/python3.10/site-packages (from keyring>=15.1->twine>=1.15.0) (4.0.0)
Requirement already satisfied: jaraco.context in ./.pybuilder/plugins/cpython-3.10.8.final.0/lib/python3.10/site-packages (from keyring>=15.1->twine>=1.15.0) (5.3.0)
Requirement already satisfied: nh3>=0.2.14 in ./.pybuilder/plugins/cpython-3.10.8.final.0/lib/python3.10/site-packages (from readme-renderer>=35.0->twine>=1.15.0) (0.2.17)
Requirement already satisfied: docutils>=0.13.1 in ./.pybuilder/plugins/cpython-3.10.8.final.0/lib/python3.10/site-packages (from readme-renderer>=35.0->twine>=1.15.0) (0.21.1)
Requirement already satisfied: Pygments>=2.5.1 in ./.pybuilder/plugins/cpython-3.10.8.final.0/lib/python3.10/site-packages (from readme-renderer>=35.0->twine>=1.15.0) (2.17.2)
Requirement already satisfied: charset-normalizer<4,>=2 in ./.pybuilder/plugins/cpython-3.10.8.final.0/lib/python3.10/site-packages (from requests>=2.20->twine>=1.15.0) (3.3.2)
Requirement already satisfied: idna<4,>=2.5 in ./.pybuilder/plugins/cpython-3.10.8.final.0/lib/python3.10/site-packages (from requests>=2.20->twine>=1.15.0) (3.7)
Requirement already satisfied: certifi>=2017.4.17 in ./.pybuilder/plugins/cpython-3.10.8.final.0/lib/python3.10/site-packages (from requests>=2.20->twine>=1.15.0) (2024.2.2)
Requirement already satisfied: markdown-it-py>=2.2.0 in ./.pybuilder/plugins/cpython-3.10.8.final.0/lib/python3.10/site-packages (from rich>=12.0.0->twine>=1.15.0) (3.0.0)
Requirement already satisfied: mdurl~=0.1 in ./.pybuilder/plugins/cpython-3.10.8.final.0/lib/python3.10/site-packages (from markdown-it-py>=2.2.0->rich>=12.0.0->twine>=1.15.0) (0.1.2)
Requirement already satisfied: more-itertools in ./.pybuilder/plugins/cpython-3.10.8.final.0/lib/python3.10/site-packages (from jaraco.classes->keyring>=15.1->twine>=1.15.0) (10.2.0)
Requirement already satisfied: backports.tarfile in ./.pybuilder/plugins/cpython-3.10.8.final.0/lib/python3.10/site-packages (from jaraco.context->keyring>=15.1->twine>=1.15.0) (1.1.0)

[notice] A new release of pip is available: 23.3.1 -> 24.0
[notice] To update, run: pip install --upgrade pip
Requirement already satisfied: setuptools>=38.6.0 in ./.pybuilder/plugins/cpython-3.10.8.final.0/lib/python3.10/site-packages (69.0.2)
Requirement already satisfied: wheel>=0.34.0 in ./.pybuilder/plugins/cpython-3.10.8.final.0/lib/python3.10/site-packages (0.42.0)

[notice] A new release of pip is available: 23.3.1 -> 24.0
[notice] To update, run: pip install --upgrade pip
Requirement already satisfied: coverage>=6.0 in ./.pybuilder/plugins/cpython-3.10.8.final.0/lib/python3.10/site-packages (7.4.4)
Requirement already satisfied: flake8>=4.0 in ./.pybuilder/plugins/cpython-3.10.8.final.0/lib/python3.10/site-packages (7.0.0)
Requirement already satisfied: pypandoc~=1.4 in ./.pybuilder/plugins/cpython-3.10.8.final.0/lib/python3.10/site-packages (1.13)
Requirement already satisfied: twine>=1.15.0 in ./.pybuilder/plugins/cpython-3.10.8.final.0/lib/python3.10/site-packages (5.0.0)
Requirement already satisfied: unittest-xml-reporting>=3.0.4 in ./.pybuilder/plugins/cpython-3.10.8.final.0/lib/python3.10/site-packages (3.2.0)
Requirement already satisfied: mccabe<0.8.0,>=0.7.0 in ./.pybuilder/plugins/cpython-3.10.8.final.0/lib/python3.10/site-packages (from flake8>=4.0) (0.7.0)
Requirement already satisfied: pycodestyle<2.12.0,>=2.11.0 in ./.pybuilder/plugins/cpython-3.10.8.final.0/lib/python3.10/site-packages (from flake8>=4.0) (2.11.1)
Requirement already satisfied: pyflakes<3.3.0,>=3.2.0 in ./.pybuilder/plugins/cpython-3.10.8.final.0/lib/python3.10/site-packages (from flake8>=4.0) (3.2.0)
Requirement already satisfied: pkginfo>=1.8.1 in ./.pybuilder/plugins/cpython-3.10.8.final.0/lib/python3.10/site-packages (from twine>=1.15.0) (1.10.0)
Requirement already satisfied: readme-renderer>=35.0 in ./.pybuilder/plugins/cpython-3.10.8.final.0/lib/python3.10/site-packages (from twine>=1.15.0) (43.0)
Requirement already satisfied: requests>=2.20 in ./.pybuilder/plugins/cpython-3.10.8.final.0/lib/python3.10/site-packages (from twine>=1.15.0) (2.31.0)
Requirement already satisfied: requests-toolbelt!=0.9.0,>=0.8.0 in ./.pybuilder/plugins/cpython-3.10.8.final.0/lib/python3.10/site-packages (from twine>=1.15.0) (1.0.0)
Requirement already satisfied: urllib3>=1.26.0 in ./.pybuilder/plugins/cpython-3.10.8.final.0/lib/python3.10/site-packages (from twine>=1.15.0) (2.2.1)
Requirement already satisfied: importlib-metadata>=3.6 in ./.pybuilder/plugins/cpython-3.10.8.final.0/lib/python3.10/site-packages (from twine>=1.15.0) (7.1.0)
Requirement already satisfied: keyring>=15.1 in ./.pybuilder/plugins/cpython-3.10.8.final.0/lib/python3.10/site-packages (from twine>=1.15.0) (25.1.0)
Requirement already satisfied: rfc3986>=1.4.0 in ./.pybuilder/plugins/cpython-3.10.8.final.0/lib/python3.10/site-packages (from twine>=1.15.0) (2.0.0)
Requirement already satisfied: rich>=12.0.0 in ./.pybuilder/plugins/cpython-3.10.8.final.0/lib/python3.10/site-packages (from twine>=1.15.0) (13.7.1)
Requirement already satisfied: lxml in ./.pybuilder/plugins/cpython-3.10.8.final.0/lib/python3.10/site-packages (from unittest-xml-reporting>=3.0.4) (5.2.1)
Requirement already satisfied: zipp>=0.5 in ./.pybuilder/plugins/cpython-3.10.8.final.0/lib/python3.10/site-packages (from importlib-metadata>=3.6->twine>=1.15.0) (3.18.1)
Requirement already satisfied: jaraco.classes in ./.pybuilder/plugins/cpython-3.10.8.final.0/lib/python3.10/site-packages (from keyring>=15.1->twine>=1.15.0) (3.4.0)
Requirement already satisfied: jaraco.functools in ./.pybuilder/plugins/cpython-3.10.8.final.0/lib/python3.10/site-packages (from keyring>=15.1->twine>=1.15.0) (4.0.0)
Requirement already satisfied: jaraco.context in ./.pybuilder/plugins/cpython-3.10.8.final.0/lib/python3.10/site-packages (from keyring>=15.1->twine>=1.15.0) (5.3.0)
Requirement already satisfied: nh3>=0.2.14 in ./.pybuilder/plugins/cpython-3.10.8.final.0/lib/python3.10/site-packages (from readme-renderer>=35.0->twine>=1.15.0) (0.2.17)
Requirement already satisfied: docutils>=0.13.1 in ./.pybuilder/plugins/cpython-3.10.8.final.0/lib/python3.10/site-packages (from readme-renderer>=35.0->twine>=1.15.0) (0.21.1)
Requirement already satisfied: Pygments>=2.5.1 in ./.pybuilder/plugins/cpython-3.10.8.final.0/lib/python3.10/site-packages (from readme-renderer>=35.0->twine>=1.15.0) (2.17.2)
Requirement already satisfied: charset-normalizer<4,>=2 in ./.pybuilder/plugins/cpython-3.10.8.final.0/lib/python3.10/site-packages (from requests>=2.20->twine>=1.15.0) (3.3.2)
Requirement already satisfied: idna<4,>=2.5 in ./.pybuilder/plugins/cpython-3.10.8.final.0/lib/python3.10/site-packages (from requests>=2.20->twine>=1.15.0) (3.7)
Requirement already satisfied: certifi>=2017.4.17 in ./.pybuilder/plugins/cpython-3.10.8.final.0/lib/python3.10/site-packages (from requests>=2.20->twine>=1.15.0) (2024.2.2)
Requirement already satisfied: markdown-it-py>=2.2.0 in ./.pybuilder/plugins/cpython-3.10.8.final.0/lib/python3.10/site-packages (from rich>=12.0.0->twine>=1.15.0) (3.0.0)
Requirement already satisfied: mdurl~=0.1 in ./.pybuilder/plugins/cpython-3.10.8.final.0/lib/python3.10/site-packages (from markdown-it-py>=2.2.0->rich>=12.0.0->twine>=1.15.0) (0.1.2)
Requirement already satisfied: more-itertools in ./.pybuilder/plugins/cpython-3.10.8.final.0/lib/python3.10/site-packages (from jaraco.classes->keyring>=15.1->twine>=1.15.0) (10.2.0)
Requirement already satisfied: backports.tarfile in ./.pybuilder/plugins/cpython-3.10.8.final.0/lib/python3.10/site-packages (from jaraco.context->keyring>=15.1->twine>=1.15.0) (1.1.0)

[notice] A new release of pip is available: 23.3.1 -> 24.0
[notice] To update, run: pip install --upgrade pip
Requirement already satisfied: setuptools>=38.6.0 in ./.pybuilder/plugins/cpython-3.10.8.final.0/lib/python3.10/site-packages (69.0.2)
Requirement already satisfied: wheel>=0.34.0 in ./.pybuilder/plugins/cpython-3.10.8.final.0/lib/python3.10/site-packages (0.42.0)

[notice] A new release of pip is available: 23.3.1 -> 24.0
[notice] To update, run: pip install --upgrade pip
Requirement already satisfied: coverage>=6.0 in ./.pybuilder/plugins/cpython-3.10.8.final.0/lib/python3.10/site-packages (7.4.4)
Requirement already satisfied: flake8>=4.0 in ./.pybuilder/plugins/cpython-3.10.8.final.0/lib/python3.10/site-packages (7.0.0)
Requirement already satisfied: pypandoc~=1.4 in ./.pybuilder/plugins/cpython-3.10.8.final.0/lib/python3.10/site-packages (1.13)
Requirement already satisfied: twine>=1.15.0 in ./.pybuilder/plugins/cpython-3.10.8.final.0/lib/python3.10/site-packages (5.0.0)
Requirement already satisfied: unittest-xml-reporting>=3.0.4 in ./.pybuilder/plugins/cpython-3.10.8.final.0/lib/python3.10/site-packages (3.2.0)
Requirement already satisfied: mccabe<0.8.0,>=0.7.0 in ./.pybuilder/plugins/cpython-3.10.8.final.0/lib/python3.10/site-packages (from flake8>=4.0) (0.7.0)
Requirement already satisfied: pycodestyle<2.12.0,>=2.11.0 in ./.pybuilder/plugins/cpython-3.10.8.final.0/lib/python3.10/site-packages (from flake8>=4.0) (2.11.1)
Requirement already satisfied: pyflakes<3.3.0,>=3.2.0 in ./.pybuilder/plugins/cpython-3.10.8.final.0/lib/python3.10/site-packages (from flake8>=4.0) (3.2.0)
Requirement already satisfied: pkginfo>=1.8.1 in ./.pybuilder/plugins/cpython-3.10.8.final.0/lib/python3.10/site-packages (from twine>=1.15.0) (1.10.0)
Requirement already satisfied: readme-renderer>=35.0 in ./.pybuilder/plugins/cpython-3.10.8.final.0/lib/python3.10/site-packages (from twine>=1.15.0) (43.0)
Requirement already satisfied: requests>=2.20 in ./.pybuilder/plugins/cpython-3.10.8.final.0/lib/python3.10/site-packages (from twine>=1.15.0) (2.31.0)
Requirement already satisfied: requests-toolbelt!=0.9.0,>=0.8.0 in ./.pybuilder/plugins/cpython-3.10.8.final.0/lib/python3.10/site-packages (from twine>=1.15.0) (1.0.0)
Requirement already satisfied: urllib3>=1.26.0 in ./.pybuilder/plugins/cpython-3.10.8.final.0/lib/python3.10/site-packages (from twine>=1.15.0) (2.2.1)
Requirement already satisfied: importlib-metadata>=3.6 in ./.pybuilder/plugins/cpython-3.10.8.final.0/lib/python3.10/site-packages (from twine>=1.15.0) (7.1.0)
Requirement already satisfied: keyring>=15.1 in ./.pybuilder/plugins/cpython-3.10.8.final.0/lib/python3.10/site-packages (from twine>=1.15.0) (25.1.0)
Requirement already satisfied: rfc3986>=1.4.0 in ./.pybuilder/plugins/cpython-3.10.8.final.0/lib/python3.10/site-packages (from twine>=1.15.0) (2.0.0)
Requirement already satisfied: rich>=12.0.0 in ./.pybuilder/plugins/cpython-3.10.8.final.0/lib/python3.10/site-packages (from twine>=1.15.0) (13.7.1)
Requirement already satisfied: lxml in ./.pybuilder/plugins/cpython-3.10.8.final.0/lib/python3.10/site-packages (from unittest-xml-reporting>=3.0.4) (5.2.1)
Requirement already satisfied: zipp>=0.5 in ./.pybuilder/plugins/cpython-3.10.8.final.0/lib/python3.10/site-packages (from importlib-metadata>=3.6->twine>=1.15.0) (3.18.1)
Requirement already satisfied: jaraco.classes in ./.pybuilder/plugins/cpython-3.10.8.final.0/lib/python3.10/site-packages (from keyring>=15.1->twine>=1.15.0) (3.4.0)
Requirement already satisfied: jaraco.functools in ./.pybuilder/plugins/cpython-3.10.8.final.0/lib/python3.10/site-packages (from keyring>=15.1->twine>=1.15.0) (4.0.0)
Requirement already satisfied: jaraco.context in ./.pybuilder/plugins/cpython-3.10.8.final.0/lib/python3.10/site-packages (from keyring>=15.1->twine>=1.15.0) (5.3.0)
Requirement already satisfied: nh3>=0.2.14 in ./.pybuilder/plugins/cpython-3.10.8.final.0/lib/python3.10/site-packages (from readme-renderer>=35.0->twine>=1.15.0) (0.2.17)
Requirement already satisfied: docutils>=0.13.1 in ./.pybuilder/plugins/cpython-3.10.8.final.0/lib/python3.10/site-packages (from readme-renderer>=35.0->twine>=1.15.0) (0.21.1)
Requirement already satisfied: Pygments>=2.5.1 in ./.pybuilder/plugins/cpython-3.10.8.final.0/lib/python3.10/site-packages (from readme-renderer>=35.0->twine>=1.15.0) (2.17.2)
Requirement already satisfied: charset-normalizer<4,>=2 in ./.pybuilder/plugins/cpython-3.10.8.final.0/lib/python3.10/site-packages (from requests>=2.20->twine>=1.15.0) (3.3.2)
Requirement already satisfied: idna<4,>=2.5 in ./.pybuilder/plugins/cpython-3.10.8.final.0/lib/python3.10/site-packages (from requests>=2.20->twine>=1.15.0) (3.7)
Requirement already satisfied: certifi>=2017.4.17 in ./.pybuilder/plugins/cpython-3.10.8.final.0/lib/python3.10/site-packages (from requests>=2.20->twine>=1.15.0) (2024.2.2)
Requirement already satisfied: markdown-it-py>=2.2.0 in ./.pybuilder/plugins/cpython-3.10.8.final.0/lib/python3.10/site-packages (from rich>=12.0.0->twine>=1.15.0) (3.0.0)
Requirement already satisfied: mdurl~=0.1 in ./.pybuilder/plugins/cpython-3.10.8.final.0/lib/python3.10/site-packages (from markdown-it-py>=2.2.0->rich>=12.0.0->twine>=1.15.0) (0.1.2)
Requirement already satisfied: more-itertools in ./.pybuilder/plugins/cpython-3.10.8.final.0/lib/python3.10/site-packages (from jaraco.classes->keyring>=15.1->twine>=1.15.0) (10.2.0)
Requirement already satisfied: backports.tarfile in ./.pybuilder/plugins/cpython-3.10.8.final.0/lib/python3.10/site-packages (from jaraco.context->keyring>=15.1->twine>=1.15.0) (1.1.0)

[notice] A new release of pip is available: 23.3.1 -> 24.0
[notice] To update, run: pip install --upgrade pip
Requirement already satisfied: setuptools>=38.6.0 in ./.pybuilder/plugins/cpython-3.10.8.final.0/lib/python3.10/site-packages (69.0.2)
Requirement already satisfied: wheel>=0.34.0 in ./.pybuilder/plugins/cpython-3.10.8.final.0/lib/python3.10/site-packages (0.42.0)

[notice] A new release of pip is available: 23.3.1 -> 24.0
[notice] To update, run: pip install --upgrade pip
Requirement already satisfied: coverage>=6.0 in ./.pybuilder/plugins/cpython-3.10.8.final.0/lib/python3.10/site-packages (7.4.4)
Requirement already satisfied: flake8>=4.0 in ./.pybuilder/plugins/cpython-3.10.8.final.0/lib/python3.10/site-packages (7.0.0)
Requirement already satisfied: pypandoc~=1.4 in ./.pybuilder/plugins/cpython-3.10.8.final.0/lib/python3.10/site-packages (1.13)
Requirement already satisfied: twine>=1.15.0 in ./.pybuilder/plugins/cpython-3.10.8.final.0/lib/python3.10/site-packages (5.0.0)
Requirement already satisfied: unittest-xml-reporting>=3.0.4 in ./.pybuilder/plugins/cpython-3.10.8.final.0/lib/python3.10/site-packages (3.2.0)
Requirement already satisfied: mccabe<0.8.0,>=0.7.0 in ./.pybuilder/plugins/cpython-3.10.8.final.0/lib/python3.10/site-packages (from flake8>=4.0) (0.7.0)
Requirement already satisfied: pycodestyle<2.12.0,>=2.11.0 in ./.pybuilder/plugins/cpython-3.10.8.final.0/lib/python3.10/site-packages (from flake8>=4.0) (2.11.1)
Requirement already satisfied: pyflakes<3.3.0,>=3.2.0 in ./.pybuilder/plugins/cpython-3.10.8.final.0/lib/python3.10/site-packages (from flake8>=4.0) (3.2.0)
Requirement already satisfied: pkginfo>=1.8.1 in ./.pybuilder/plugins/cpython-3.10.8.final.0/lib/python3.10/site-packages (from twine>=1.15.0) (1.10.0)
Requirement already satisfied: readme-renderer>=35.0 in ./.pybuilder/plugins/cpython-3.10.8.final.0/lib/python3.10/site-packages (from twine>=1.15.0) (43.0)
Requirement already satisfied: requests>=2.20 in ./.pybuilder/plugins/cpython-3.10.8.final.0/lib/python3.10/site-packages (from twine>=1.15.0) (2.31.0)
Requirement already satisfied: requests-toolbelt!=0.9.0,>=0.8.0 in ./.pybuilder/plugins/cpython-3.10.8.final.0/lib/python3.10/site-packages (from twine>=1.15.0) (1.0.0)
Requirement already satisfied: urllib3>=1.26.0 in ./.pybuilder/plugins/cpython-3.10.8.final.0/lib/python3.10/site-packages (from twine>=1.15.0) (2.2.1)
Requirement already satisfied: importlib-metadata>=3.6 in ./.pybuilder/plugins/cpython-3.10.8.final.0/lib/python3.10/site-packages (from twine>=1.15.0) (7.1.0)
Requirement already satisfied: keyring>=15.1 in ./.pybuilder/plugins/cpython-3.10.8.final.0/lib/python3.10/site-packages (from twine>=1.15.0) (25.1.0)
Requirement already satisfied: rfc3986>=1.4.0 in ./.pybuilder/plugins/cpython-3.10.8.final.0/lib/python3.10/site-packages (from twine>=1.15.0) (2.0.0)
Requirement already satisfied: rich>=12.0.0 in ./.pybuilder/plugins/cpython-3.10.8.final.0/lib/python3.10/site-packages (from twine>=1.15.0) (13.7.1)
Requirement already satisfied: lxml in ./.pybuilder/plugins/cpython-3.10.8.final.0/lib/python3.10/site-packages (from unittest-xml-reporting>=3.0.4) (5.2.1)
Requirement already satisfied: zipp>=0.5 in ./.pybuilder/plugins/cpython-3.10.8.final.0/lib/python3.10/site-packages (from importlib-metadata>=3.6->twine>=1.15.0) (3.18.1)
Requirement already satisfied: jaraco.classes in ./.pybuilder/plugins/cpython-3.10.8.final.0/lib/python3.10/site-packages (from keyring>=15.1->twine>=1.15.0) (3.4.0)
Requirement already satisfied: jaraco.functools in ./.pybuilder/plugins/cpython-3.10.8.final.0/lib/python3.10/site-packages (from keyring>=15.1->twine>=1.15.0) (4.0.0)
Requirement already satisfied: jaraco.context in ./.pybuilder/plugins/cpython-3.10.8.final.0/lib/python3.10/site-packages (from keyring>=15.1->twine>=1.15.0) (5.3.0)
Requirement already satisfied: nh3>=0.2.14 in ./.pybuilder/plugins/cpython-3.10.8.final.0/lib/python3.10/site-packages (from readme-renderer>=35.0->twine>=1.15.0) (0.2.17)
Requirement already satisfied: docutils>=0.13.1 in ./.pybuilder/plugins/cpython-3.10.8.final.0/lib/python3.10/site-packages (from readme-renderer>=35.0->twine>=1.15.0) (0.21.1)
Requirement already satisfied: Pygments>=2.5.1 in ./.pybuilder/plugins/cpython-3.10.8.final.0/lib/python3.10/site-packages (from readme-renderer>=35.0->twine>=1.15.0) (2.17.2)
Requirement already satisfied: charset-normalizer<4,>=2 in ./.pybuilder/plugins/cpython-3.10.8.final.0/lib/python3.10/site-packages (from requests>=2.20->twine>=1.15.0) (3.3.2)
Requirement already satisfied: idna<4,>=2.5 in ./.pybuilder/plugins/cpython-3.10.8.final.0/lib/python3.10/site-packages (from requests>=2.20->twine>=1.15.0) (3.7)
Requirement already satisfied: certifi>=2017.4.17 in ./.pybuilder/plugins/cpython-3.10.8.final.0/lib/python3.10/site-packages (from requests>=2.20->twine>=1.15.0) (2024.2.2)
Requirement already satisfied: markdown-it-py>=2.2.0 in ./.pybuilder/plugins/cpython-3.10.8.final.0/lib/python3.10/site-packages (from rich>=12.0.0->twine>=1.15.0) (3.0.0)
Requirement already satisfied: mdurl~=0.1 in ./.pybuilder/plugins/cpython-3.10.8.final.0/lib/python3.10/site-packages (from markdown-it-py>=2.2.0->rich>=12.0.0->twine>=1.15.0) (0.1.2)
Requirement already satisfied: more-itertools in ./.pybuilder/plugins/cpython-3.10.8.final.0/lib/python3.10/site-packages (from jaraco.classes->keyring>=15.1->twine>=1.15.0) (10.2.0)
Requirement already satisfied: backports.tarfile in ./.pybuilder/plugins/cpython-3.10.8.final.0/lib/python3.10/site-packages (from jaraco.context->keyring>=15.1->twine>=1.15.0) (1.1.0)

[notice] A new release of pip is available: 23.3.1 -> 24.0
[notice] To update, run: pip install --upgrade pip
Requirement already satisfied: setuptools>=38.6.0 in ./.pybuilder/plugins/cpython-3.10.8.final.0/lib/python3.10/site-packages (69.0.2)
Requirement already satisfied: wheel>=0.34.0 in ./.pybuilder/plugins/cpython-3.10.8.final.0/lib/python3.10/site-packages (0.42.0)

[notice] A new release of pip is available: 23.3.1 -> 24.0
[notice] To update, run: pip install --upgrade pip
Requirement already satisfied: coverage>=6.0 in ./.pybuilder/plugins/cpython-3.10.8.final.0/lib/python3.10/site-packages (7.4.4)
Requirement already satisfied: flake8>=4.0 in ./.pybuilder/plugins/cpython-3.10.8.final.0/lib/python3.10/site-packages (7.0.0)
Requirement already satisfied: pypandoc~=1.4 in ./.pybuilder/plugins/cpython-3.10.8.final.0/lib/python3.10/site-packages (1.13)
Requirement already satisfied: twine>=1.15.0 in ./.pybuilder/plugins/cpython-3.10.8.final.0/lib/python3.10/site-packages (5.0.0)
Requirement already satisfied: unittest-xml-reporting>=3.0.4 in ./.pybuilder/plugins/cpython-3.10.8.final.0/lib/python3.10/site-packages (3.2.0)
Requirement already satisfied: mccabe<0.8.0,>=0.7.0 in ./.pybuilder/plugins/cpython-3.10.8.final.0/lib/python3.10/site-packages (from flake8>=4.0) (0.7.0)
Requirement already satisfied: pycodestyle<2.12.0,>=2.11.0 in ./.pybuilder/plugins/cpython-3.10.8.final.0/lib/python3.10/site-packages (from flake8>=4.0) (2.11.1)
Requirement already satisfied: pyflakes<3.3.0,>=3.2.0 in ./.pybuilder/plugins/cpython-3.10.8.final.0/lib/python3.10/site-packages (from flake8>=4.0) (3.2.0)
Requirement already satisfied: pkginfo>=1.8.1 in ./.pybuilder/plugins/cpython-3.10.8.final.0/lib/python3.10/site-packages (from twine>=1.15.0) (1.10.0)
Requirement already satisfied: readme-renderer>=35.0 in ./.pybuilder/plugins/cpython-3.10.8.final.0/lib/python3.10/site-packages (from twine>=1.15.0) (43.0)
Requirement already satisfied: requests>=2.20 in ./.pybuilder/plugins/cpython-3.10.8.final.0/lib/python3.10/site-packages (from twine>=1.15.0) (2.31.0)
Requirement already satisfied: requests-toolbelt!=0.9.0,>=0.8.0 in ./.pybuilder/plugins/cpython-3.10.8.final.0/lib/python3.10/site-packages (from twine>=1.15.0) (1.0.0)
Requirement already satisfied: urllib3>=1.26.0 in ./.pybuilder/plugins/cpython-3.10.8.final.0/lib/python3.10/site-packages (from twine>=1.15.0) (2.2.1)
Requirement already satisfied: importlib-metadata>=3.6 in ./.pybuilder/plugins/cpython-3.10.8.final.0/lib/python3.10/site-packages (from twine>=1.15.0) (7.1.0)
Requirement already satisfied: keyring>=15.1 in ./.pybuilder/plugins/cpython-3.10.8.final.0/lib/python3.10/site-packages (from twine>=1.15.0) (25.1.0)
Requirement already satisfied: rfc3986>=1.4.0 in ./.pybuilder/plugins/cpython-3.10.8.final.0/lib/python3.10/site-packages (from twine>=1.15.0) (2.0.0)
Requirement already satisfied: rich>=12.0.0 in ./.pybuilder/plugins/cpython-3.10.8.final.0/lib/python3.10/site-packages (from twine>=1.15.0) (13.7.1)
Requirement already satisfied: lxml in ./.pybuilder/plugins/cpython-3.10.8.final.0/lib/python3.10/site-packages (from unittest-xml-reporting>=3.0.4) (5.2.1)
Requirement already satisfied: zipp>=0.5 in ./.pybuilder/plugins/cpython-3.10.8.final.0/lib/python3.10/site-packages (from importlib-metadata>=3.6->twine>=1.15.0) (3.18.1)
Requirement already satisfied: jaraco.classes in ./.pybuilder/plugins/cpython-3.10.8.final.0/lib/python3.10/site-packages (from keyring>=15.1->twine>=1.15.0) (3.4.0)
Requirement already satisfied: jaraco.functools in ./.pybuilder/plugins/cpython-3.10.8.final.0/lib/python3.10/site-packages (from keyring>=15.1->twine>=1.15.0) (4.0.0)
Requirement already satisfied: jaraco.context in ./.pybuilder/plugins/cpython-3.10.8.final.0/lib/python3.10/site-packages (from keyring>=15.1->twine>=1.15.0) (5.3.0)
Requirement already satisfied: nh3>=0.2.14 in ./.pybuilder/plugins/cpython-3.10.8.final.0/lib/python3.10/site-packages (from readme-renderer>=35.0->twine>=1.15.0) (0.2.17)
Requirement already satisfied: docutils>=0.13.1 in ./.pybuilder/plugins/cpython-3.10.8.final.0/lib/python3.10/site-packages (from readme-renderer>=35.0->twine>=1.15.0) (0.21.1)
Requirement already satisfied: Pygments>=2.5.1 in ./.pybuilder/plugins/cpython-3.10.8.final.0/lib/python3.10/site-packages (from readme-renderer>=35.0->twine>=1.15.0) (2.17.2)
Requirement already satisfied: charset-normalizer<4,>=2 in ./.pybuilder/plugins/cpython-3.10.8.final.0/lib/python3.10/site-packages (from requests>=2.20->twine>=1.15.0) (3.3.2)
Requirement already satisfied: idna<4,>=2.5 in ./.pybuilder/plugins/cpython-3.10.8.final.0/lib/python3.10/site-packages (from requests>=2.20->twine>=1.15.0) (3.7)
Requirement already satisfied: certifi>=2017.4.17 in ./.pybuilder/plugins/cpython-3.10.8.final.0/lib/python3.10/site-packages (from requests>=2.20->twine>=1.15.0) (2024.2.2)
Requirement already satisfied: markdown-it-py>=2.2.0 in ./.pybuilder/plugins/cpython-3.10.8.final.0/lib/python3.10/site-packages (from rich>=12.0.0->twine>=1.15.0) (3.0.0)
Requirement already satisfied: mdurl~=0.1 in ./.pybuilder/plugins/cpython-3.10.8.final.0/lib/python3.10/site-packages (from markdown-it-py>=2.2.0->rich>=12.0.0->twine>=1.15.0) (0.1.2)
Requirement already satisfied: more-itertools in ./.pybuilder/plugins/cpython-3.10.8.final.0/lib/python3.10/site-packages (from jaraco.classes->keyring>=15.1->twine>=1.15.0) (10.2.0)
Requirement already satisfied: backports.tarfile in ./.pybuilder/plugins/cpython-3.10.8.final.0/lib/python3.10/site-packages (from jaraco.context->keyring>=15.1->twine>=1.15.0) (1.1.0)

[notice] A new release of pip is available: 23.3.1 -> 24.0
[notice] To update, run: pip install --upgrade pip
Requirement already satisfied: setuptools>=38.6.0 in ./.pybuilder/plugins/cpython-3.10.8.final.0/lib/python3.10/site-packages (69.0.2)
Requirement already satisfied: wheel>=0.34.0 in ./.pybuilder/plugins/cpython-3.10.8.final.0/lib/python3.10/site-packages (0.42.0)

[notice] A new release of pip is available: 23.3.1 -> 24.0
[notice] To update, run: pip install --upgrade pip
Requirement already satisfied: coverage>=6.0 in ./.pybuilder/plugins/cpython-3.10.8.final.0/lib/python3.10/site-packages (7.4.4)
Requirement already satisfied: flake8>=4.0 in ./.pybuilder/plugins/cpython-3.10.8.final.0/lib/python3.10/site-packages (7.0.0)
Requirement already satisfied: pypandoc~=1.4 in ./.pybuilder/plugins/cpython-3.10.8.final.0/lib/python3.10/site-packages (1.13)
Requirement already satisfied: twine>=1.15.0 in ./.pybuilder/plugins/cpython-3.10.8.final.0/lib/python3.10/site-packages (5.0.0)
Requirement already satisfied: unittest-xml-reporting>=3.0.4 in ./.pybuilder/plugins/cpython-3.10.8.final.0/lib/python3.10/site-packages (3.2.0)
Requirement already satisfied: mccabe<0.8.0,>=0.7.0 in ./.pybuilder/plugins/cpython-3.10.8.final.0/lib/python3.10/site-packages (from flake8>=4.0) (0.7.0)
Requirement already satisfied: pycodestyle<2.12.0,>=2.11.0 in ./.pybuilder/plugins/cpython-3.10.8.final.0/lib/python3.10/site-packages (from flake8>=4.0) (2.11.1)
Requirement already satisfied: pyflakes<3.3.0,>=3.2.0 in ./.pybuilder/plugins/cpython-3.10.8.final.0/lib/python3.10/site-packages (from flake8>=4.0) (3.2.0)
Requirement already satisfied: pkginfo>=1.8.1 in ./.pybuilder/plugins/cpython-3.10.8.final.0/lib/python3.10/site-packages (from twine>=1.15.0) (1.10.0)
Requirement already satisfied: readme-renderer>=35.0 in ./.pybuilder/plugins/cpython-3.10.8.final.0/lib/python3.10/site-packages (from twine>=1.15.0) (43.0)
Requirement already satisfied: requests>=2.20 in ./.pybuilder/plugins/cpython-3.10.8.final.0/lib/python3.10/site-packages (from twine>=1.15.0) (2.31.0)
Requirement already satisfied: requests-toolbelt!=0.9.0,>=0.8.0 in ./.pybuilder/plugins/cpython-3.10.8.final.0/lib/python3.10/site-packages (from twine>=1.15.0) (1.0.0)
Requirement already satisfied: urllib3>=1.26.0 in ./.pybuilder/plugins/cpython-3.10.8.final.0/lib/python3.10/site-packages (from twine>=1.15.0) (2.2.1)
Requirement already satisfied: importlib-metadata>=3.6 in ./.pybuilder/plugins/cpython-3.10.8.final.0/lib/python3.10/site-packages (from twine>=1.15.0) (7.1.0)
Requirement already satisfied: keyring>=15.1 in ./.pybuilder/plugins/cpython-3.10.8.final.0/lib/python3.10/site-packages (from twine>=1.15.0) (25.1.0)
Requirement already satisfied: rfc3986>=1.4.0 in ./.pybuilder/plugins/cpython-3.10.8.final.0/lib/python3.10/site-packages (from twine>=1.15.0) (2.0.0)
Requirement already satisfied: rich>=12.0.0 in ./.pybuilder/plugins/cpython-3.10.8.final.0/lib/python3.10/site-packages (from twine>=1.15.0) (13.7.1)
Requirement already satisfied: lxml in ./.pybuilder/plugins/cpython-3.10.8.final.0/lib/python3.10/site-packages (from unittest-xml-reporting>=3.0.4) (5.2.1)
Requirement already satisfied: zipp>=0.5 in ./.pybuilder/plugins/cpython-3.10.8.final.0/lib/python3.10/site-packages (from importlib-metadata>=3.6->twine>=1.15.0) (3.18.1)
Requirement already satisfied: jaraco.classes in ./.pybuilder/plugins/cpython-3.10.8.final.0/lib/python3.10/site-packages (from keyring>=15.1->twine>=1.15.0) (3.4.0)
Requirement already satisfied: jaraco.functools in ./.pybuilder/plugins/cpython-3.10.8.final.0/lib/python3.10/site-packages (from keyring>=15.1->twine>=1.15.0) (4.0.0)
Requirement already satisfied: jaraco.context in ./.pybuilder/plugins/cpython-3.10.8.final.0/lib/python3.10/site-packages (from keyring>=15.1->twine>=1.15.0) (5.3.0)
Requirement already satisfied: nh3>=0.2.14 in ./.pybuilder/plugins/cpython-3.10.8.final.0/lib/python3.10/site-packages (from readme-renderer>=35.0->twine>=1.15.0) (0.2.17)
Requirement already satisfied: docutils>=0.13.1 in ./.pybuilder/plugins/cpython-3.10.8.final.0/lib/python3.10/site-packages (from readme-renderer>=35.0->twine>=1.15.0) (0.21.1)
Requirement already satisfied: Pygments>=2.5.1 in ./.pybuilder/plugins/cpython-3.10.8.final.0/lib/python3.10/site-packages (from readme-renderer>=35.0->twine>=1.15.0) (2.17.2)
Requirement already satisfied: charset-normalizer<4,>=2 in ./.pybuilder/plugins/cpython-3.10.8.final.0/lib/python3.10/site-packages (from requests>=2.20->twine>=1.15.0) (3.3.2)
Requirement already satisfied: idna<4,>=2.5 in ./.pybuilder/plugins/cpython-3.10.8.final.0/lib/python3.10/site-packages (from requests>=2.20->twine>=1.15.0) (3.7)
Requirement already satisfied: certifi>=2017.4.17 in ./.pybuilder/plugins/cpython-3.10.8.final.0/lib/python3.10/site-packages (from requests>=2.20->twine>=1.15.0) (2024.2.2)
Requirement already satisfied: markdown-it-py>=2.2.0 in ./.pybuilder/plugins/cpython-3.10.8.final.0/lib/python3.10/site-packages (from rich>=12.0.0->twine>=1.15.0) (3.0.0)
Requirement already satisfied: mdurl~=0.1 in ./.pybuilder/plugins/cpython-3.10.8.final.0/lib/python3.10/site-packages (from markdown-it-py>=2.2.0->rich>=12.0.0->twine>=1.15.0) (0.1.2)
Requirement already satisfied: more-itertools in ./.pybuilder/plugins/cpython-3.10.8.final.0/lib/python3.10/site-packages (from jaraco.classes->keyring>=15.1->twine>=1.15.0) (10.2.0)
Requirement already satisfied: backports.tarfile in ./.pybuilder/plugins/cpython-3.10.8.final.0/lib/python3.10/site-packages (from jaraco.context->keyring>=15.1->twine>=1.15.0) (1.1.0)

[notice] A new release of pip is available: 23.3.1 -> 24.0
[notice] To update, run: pip install --upgrade pip
Requirement already satisfied: setuptools>=38.6.0 in ./.pybuilder/plugins/cpython-3.10.8.final.0/lib/python3.10/site-packages (69.0.2)
Requirement already satisfied: wheel>=0.34.0 in ./.pybuilder/plugins/cpython-3.10.8.final.0/lib/python3.10/site-packages (0.42.0)

[notice] A new release of pip is available: 23.3.1 -> 24.0
[notice] To update, run: pip install --upgrade pip
Requirement already satisfied: coverage>=6.0 in ./.pybuilder/plugins/cpython-3.10.8.final.0/lib/python3.10/site-packages (7.4.4)
Requirement already satisfied: flake8>=4.0 in ./.pybuilder/plugins/cpython-3.10.8.final.0/lib/python3.10/site-packages (7.0.0)
Requirement already satisfied: pypandoc~=1.4 in ./.pybuilder/plugins/cpython-3.10.8.final.0/lib/python3.10/site-packages (1.13)
Requirement already satisfied: twine>=1.15.0 in ./.pybuilder/plugins/cpython-3.10.8.final.0/lib/python3.10/site-packages (5.0.0)
Requirement already satisfied: unittest-xml-reporting>=3.0.4 in ./.pybuilder/plugins/cpython-3.10.8.final.0/lib/python3.10/site-packages (3.2.0)
Requirement already satisfied: mccabe<0.8.0,>=0.7.0 in ./.pybuilder/plugins/cpython-3.10.8.final.0/lib/python3.10/site-packages (from flake8>=4.0) (0.7.0)
Requirement already satisfied: pycodestyle<2.12.0,>=2.11.0 in ./.pybuilder/plugins/cpython-3.10.8.final.0/lib/python3.10/site-packages (from flake8>=4.0) (2.11.1)
Requirement already satisfied: pyflakes<3.3.0,>=3.2.0 in ./.pybuilder/plugins/cpython-3.10.8.final.0/lib/python3.10/site-packages (from flake8>=4.0) (3.2.0)
Requirement already satisfied: pkginfo>=1.8.1 in ./.pybuilder/plugins/cpython-3.10.8.final.0/lib/python3.10/site-packages (from twine>=1.15.0) (1.10.0)
Requirement already satisfied: readme-renderer>=35.0 in ./.pybuilder/plugins/cpython-3.10.8.final.0/lib/python3.10/site-packages (from twine>=1.15.0) (43.0)
Requirement already satisfied: requests>=2.20 in ./.pybuilder/plugins/cpython-3.10.8.final.0/lib/python3.10/site-packages (from twine>=1.15.0) (2.31.0)
Requirement already satisfied: requests-toolbelt!=0.9.0,>=0.8.0 in ./.pybuilder/plugins/cpython-3.10.8.final.0/lib/python3.10/site-packages (from twine>=1.15.0) (1.0.0)
Requirement already satisfied: urllib3>=1.26.0 in ./.pybuilder/plugins/cpython-3.10.8.final.0/lib/python3.10/site-packages (from twine>=1.15.0) (2.2.1)
Requirement already satisfied: importlib-metadata>=3.6 in ./.pybuilder/plugins/cpython-3.10.8.final.0/lib/python3.10/site-packages (from twine>=1.15.0) (7.1.0)
Requirement already satisfied: keyring>=15.1 in ./.pybuilder/plugins/cpython-3.10.8.final.0/lib/python3.10/site-packages (from twine>=1.15.0) (25.1.0)
Requirement already satisfied: rfc3986>=1.4.0 in ./.pybuilder/plugins/cpython-3.10.8.final.0/lib/python3.10/site-packages (from twine>=1.15.0) (2.0.0)
Requirement already satisfied: rich>=12.0.0 in ./.pybuilder/plugins/cpython-3.10.8.final.0/lib/python3.10/site-packages (from twine>=1.15.0) (13.7.1)
Requirement already satisfied: lxml in ./.pybuilder/plugins/cpython-3.10.8.final.0/lib/python3.10/site-packages (from unittest-xml-reporting>=3.0.4) (5.2.1)
Requirement already satisfied: zipp>=0.5 in ./.pybuilder/plugins/cpython-3.10.8.final.0/lib/python3.10/site-packages (from importlib-metadata>=3.6->twine>=1.15.0) (3.18.1)
Requirement already satisfied: jaraco.classes in ./.pybuilder/plugins/cpython-3.10.8.final.0/lib/python3.10/site-packages (from keyring>=15.1->twine>=1.15.0) (3.4.0)
Requirement already satisfied: jaraco.functools in ./.pybuilder/plugins/cpython-3.10.8.final.0/lib/python3.10/site-packages (from keyring>=15.1->twine>=1.15.0) (4.0.0)
Requirement already satisfied: jaraco.context in ./.pybuilder/plugins/cpython-3.10.8.final.0/lib/python3.10/site-packages (from keyring>=15.1->twine>=1.15.0) (5.3.0)
Requirement already satisfied: nh3>=0.2.14 in ./.pybuilder/plugins/cpython-3.10.8.final.0/lib/python3.10/site-packages (from readme-renderer>=35.0->twine>=1.15.0) (0.2.17)
Requirement already satisfied: docutils>=0.13.1 in ./.pybuilder/plugins/cpython-3.10.8.final.0/lib/python3.10/site-packages (from readme-renderer>=35.0->twine>=1.15.0) (0.21.1)
Requirement already satisfied: Pygments>=2.5.1 in ./.pybuilder/plugins/cpython-3.10.8.final.0/lib/python3.10/site-packages (from readme-renderer>=35.0->twine>=1.15.0) (2.17.2)
Requirement already satisfied: charset-normalizer<4,>=2 in ./.pybuilder/plugins/cpython-3.10.8.final.0/lib/python3.10/site-packages (from requests>=2.20->twine>=1.15.0) (3.3.2)
Requirement already satisfied: idna<4,>=2.5 in ./.pybuilder/plugins/cpython-3.10.8.final.0/lib/python3.10/site-packages (from requests>=2.20->twine>=1.15.0) (3.7)
Requirement already satisfied: certifi>=2017.4.17 in ./.pybuilder/plugins/cpython-3.10.8.final.0/lib/python3.10/site-packages (from requests>=2.20->twine>=1.15.0) (2024.2.2)
Requirement already satisfied: markdown-it-py>=2.2.0 in ./.pybuilder/plugins/cpython-3.10.8.final.0/lib/python3.10/site-packages (from rich>=12.0.0->twine>=1.15.0) (3.0.0)
Requirement already satisfied: mdurl~=0.1 in ./.pybuilder/plugins/cpython-3.10.8.final.0/lib/python3.10/site-packages (from markdown-it-py>=2.2.0->rich>=12.0.0->twine>=1.15.0) (0.1.2)
Requirement already satisfied: more-itertools in ./.pybuilder/plugins/cpython-3.10.8.final.0/lib/python3.10/site-packages (from jaraco.classes->keyring>=15.1->twine>=1.15.0) (10.2.0)
Requirement already satisfied: backports.tarfile in ./.pybuilder/plugins/cpython-3.10.8.final.0/lib/python3.10/site-packages (from jaraco.context->keyring>=15.1->twine>=1.15.0) (1.1.0)

[notice] A new release of pip is available: 23.3.1 -> 24.0
[notice] To update, run: pip install --upgrade pip
Requirement already satisfied: setuptools>=38.6.0 in ./.pybuilder/plugins/cpython-3.10.8.final.0/lib/python3.10/site-packages (69.0.2)
Requirement already satisfied: wheel>=0.34.0 in ./.pybuilder/plugins/cpython-3.10.8.final.0/lib/python3.10/site-packages (0.42.0)

[notice] A new release of pip is available: 23.3.1 -> 24.0
[notice] To update, run: pip install --upgrade pip
Requirement already satisfied: coverage>=6.0 in ./.pybuilder/plugins/cpython-3.10.8.final.0/lib/python3.10/site-packages (7.4.4)
Requirement already satisfied: flake8>=4.0 in ./.pybuilder/plugins/cpython-3.10.8.final.0/lib/python3.10/site-packages (7.0.0)
Requirement already satisfied: pypandoc~=1.4 in ./.pybuilder/plugins/cpython-3.10.8.final.0/lib/python3.10/site-packages (1.13)
Requirement already satisfied: twine>=1.15.0 in ./.pybuilder/plugins/cpython-3.10.8.final.0/lib/python3.10/site-packages (5.0.0)
Requirement already satisfied: unittest-xml-reporting>=3.0.4 in ./.pybuilder/plugins/cpython-3.10.8.final.0/lib/python3.10/site-packages (3.2.0)
Requirement already satisfied: mccabe<0.8.0,>=0.7.0 in ./.pybuilder/plugins/cpython-3.10.8.final.0/lib/python3.10/site-packages (from flake8>=4.0) (0.7.0)
Requirement already satisfied: pycodestyle<2.12.0,>=2.11.0 in ./.pybuilder/plugins/cpython-3.10.8.final.0/lib/python3.10/site-packages (from flake8>=4.0) (2.11.1)
Requirement already satisfied: pyflakes<3.3.0,>=3.2.0 in ./.pybuilder/plugins/cpython-3.10.8.final.0/lib/python3.10/site-packages (from flake8>=4.0) (3.2.0)
Requirement already satisfied: pkginfo>=1.8.1 in ./.pybuilder/plugins/cpython-3.10.8.final.0/lib/python3.10/site-packages (from twine>=1.15.0) (1.10.0)
Requirement already satisfied: readme-renderer>=35.0 in ./.pybuilder/plugins/cpython-3.10.8.final.0/lib/python3.10/site-packages (from twine>=1.15.0) (43.0)
Requirement already satisfied: requests>=2.20 in ./.pybuilder/plugins/cpython-3.10.8.final.0/lib/python3.10/site-packages (from twine>=1.15.0) (2.31.0)
Requirement already satisfied: requests-toolbelt!=0.9.0,>=0.8.0 in ./.pybuilder/plugins/cpython-3.10.8.final.0/lib/python3.10/site-packages (from twine>=1.15.0) (1.0.0)
Requirement already satisfied: urllib3>=1.26.0 in ./.pybuilder/plugins/cpython-3.10.8.final.0/lib/python3.10/site-packages (from twine>=1.15.0) (2.2.1)
Requirement already satisfied: importlib-metadata>=3.6 in ./.pybuilder/plugins/cpython-3.10.8.final.0/lib/python3.10/site-packages (from twine>=1.15.0) (7.1.0)
Requirement already satisfied: keyring>=15.1 in ./.pybuilder/plugins/cpython-3.10.8.final.0/lib/python3.10/site-packages (from twine>=1.15.0) (25.1.0)
Requirement already satisfied: rfc3986>=1.4.0 in ./.pybuilder/plugins/cpython-3.10.8.final.0/lib/python3.10/site-packages (from twine>=1.15.0) (2.0.0)
Requirement already satisfied: rich>=12.0.0 in ./.pybuilder/plugins/cpython-3.10.8.final.0/lib/python3.10/site-packages (from twine>=1.15.0) (13.7.1)
Requirement already satisfied: lxml in ./.pybuilder/plugins/cpython-3.10.8.final.0/lib/python3.10/site-packages (from unittest-xml-reporting>=3.0.4) (5.2.1)
Requirement already satisfied: zipp>=0.5 in ./.pybuilder/plugins/cpython-3.10.8.final.0/lib/python3.10/site-packages (from importlib-metadata>=3.6->twine>=1.15.0) (3.18.1)
Requirement already satisfied: jaraco.classes in ./.pybuilder/plugins/cpython-3.10.8.final.0/lib/python3.10/site-packages (from keyring>=15.1->twine>=1.15.0) (3.4.0)
Requirement already satisfied: jaraco.functools in ./.pybuilder/plugins/cpython-3.10.8.final.0/lib/python3.10/site-packages (from keyring>=15.1->twine>=1.15.0) (4.0.0)
Requirement already satisfied: jaraco.context in ./.pybuilder/plugins/cpython-3.10.8.final.0/lib/python3.10/site-packages (from keyring>=15.1->twine>=1.15.0) (5.3.0)
Requirement already satisfied: nh3>=0.2.14 in ./.pybuilder/plugins/cpython-3.10.8.final.0/lib/python3.10/site-packages (from readme-renderer>=35.0->twine>=1.15.0) (0.2.17)
Requirement already satisfied: docutils>=0.13.1 in ./.pybuilder/plugins/cpython-3.10.8.final.0/lib/python3.10/site-packages (from readme-renderer>=35.0->twine>=1.15.0) (0.21.1)
Requirement already satisfied: Pygments>=2.5.1 in ./.pybuilder/plugins/cpython-3.10.8.final.0/lib/python3.10/site-packages (from readme-renderer>=35.0->twine>=1.15.0) (2.17.2)
Requirement already satisfied: charset-normalizer<4,>=2 in ./.pybuilder/plugins/cpython-3.10.8.final.0/lib/python3.10/site-packages (from requests>=2.20->twine>=1.15.0) (3.3.2)
Requirement already satisfied: idna<4,>=2.5 in ./.pybuilder/plugins/cpython-3.10.8.final.0/lib/python3.10/site-packages (from requests>=2.20->twine>=1.15.0) (3.7)
Requirement already satisfied: certifi>=2017.4.17 in ./.pybuilder/plugins/cpython-3.10.8.final.0/lib/python3.10/site-packages (from requests>=2.20->twine>=1.15.0) (2024.2.2)
Requirement already satisfied: markdown-it-py>=2.2.0 in ./.pybuilder/plugins/cpython-3.10.8.final.0/lib/python3.10/site-packages (from rich>=12.0.0->twine>=1.15.0) (3.0.0)
Requirement already satisfied: mdurl~=0.1 in ./.pybuilder/plugins/cpython-3.10.8.final.0/lib/python3.10/site-packages (from markdown-it-py>=2.2.0->rich>=12.0.0->twine>=1.15.0) (0.1.2)
Requirement already satisfied: more-itertools in ./.pybuilder/plugins/cpython-3.10.8.final.0/lib/python3.10/site-packages (from jaraco.classes->keyring>=15.1->twine>=1.15.0) (10.2.0)
Requirement already satisfied: backports.tarfile in ./.pybuilder/plugins/cpython-3.10.8.final.0/lib/python3.10/site-packages (from jaraco.context->keyring>=15.1->twine>=1.15.0) (1.1.0)

[notice] A new release of pip is available: 23.3.1 -> 24.0
[notice] To update, run: pip install --upgrade pip
Requirement already satisfied: setuptools>=38.6.0 in ./.pybuilder/plugins/cpython-3.10.8.final.0/lib/python3.10/site-packages (69.0.2)
Requirement already satisfied: wheel>=0.34.0 in ./.pybuilder/plugins/cpython-3.10.8.final.0/lib/python3.10/site-packages (0.42.0)

[notice] A new release of pip is available: 23.3.1 -> 24.0
[notice] To update, run: pip install --upgrade pip
Requirement already satisfied: coverage>=6.0 in ./.pybuilder/plugins/cpython-3.10.8.final.0/lib/python3.10/site-packages (7.4.4)
Requirement already satisfied: flake8>=4.0 in ./.pybuilder/plugins/cpython-3.10.8.final.0/lib/python3.10/site-packages (7.0.0)
Requirement already satisfied: pypandoc~=1.4 in ./.pybuilder/plugins/cpython-3.10.8.final.0/lib/python3.10/site-packages (1.13)
Requirement already satisfied: twine>=1.15.0 in ./.pybuilder/plugins/cpython-3.10.8.final.0/lib/python3.10/site-packages (5.0.0)
Requirement already satisfied: unittest-xml-reporting>=3.0.4 in ./.pybuilder/plugins/cpython-3.10.8.final.0/lib/python3.10/site-packages (3.2.0)
Requirement already satisfied: mccabe<0.8.0,>=0.7.0 in ./.pybuilder/plugins/cpython-3.10.8.final.0/lib/python3.10/site-packages (from flake8>=4.0) (0.7.0)
Requirement already satisfied: pycodestyle<2.12.0,>=2.11.0 in ./.pybuilder/plugins/cpython-3.10.8.final.0/lib/python3.10/site-packages (from flake8>=4.0) (2.11.1)
Requirement already satisfied: pyflakes<3.3.0,>=3.2.0 in ./.pybuilder/plugins/cpython-3.10.8.final.0/lib/python3.10/site-packages (from flake8>=4.0) (3.2.0)
Requirement already satisfied: pkginfo>=1.8.1 in ./.pybuilder/plugins/cpython-3.10.8.final.0/lib/python3.10/site-packages (from twine>=1.15.0) (1.10.0)
Requirement already satisfied: readme-renderer>=35.0 in ./.pybuilder/plugins/cpython-3.10.8.final.0/lib/python3.10/site-packages (from twine>=1.15.0) (43.0)
Requirement already satisfied: requests>=2.20 in ./.pybuilder/plugins/cpython-3.10.8.final.0/lib/python3.10/site-packages (from twine>=1.15.0) (2.31.0)
Requirement already satisfied: requests-toolbelt!=0.9.0,>=0.8.0 in ./.pybuilder/plugins/cpython-3.10.8.final.0/lib/python3.10/site-packages (from twine>=1.15.0) (1.0.0)
Requirement already satisfied: urllib3>=1.26.0 in ./.pybuilder/plugins/cpython-3.10.8.final.0/lib/python3.10/site-packages (from twine>=1.15.0) (2.2.1)
Requirement already satisfied: importlib-metadata>=3.6 in ./.pybuilder/plugins/cpython-3.10.8.final.0/lib/python3.10/site-packages (from twine>=1.15.0) (7.1.0)
Requirement already satisfied: keyring>=15.1 in ./.pybuilder/plugins/cpython-3.10.8.final.0/lib/python3.10/site-packages (from twine>=1.15.0) (25.1.0)
Requirement already satisfied: rfc3986>=1.4.0 in ./.pybuilder/plugins/cpython-3.10.8.final.0/lib/python3.10/site-packages (from twine>=1.15.0) (2.0.0)
Requirement already satisfied: rich>=12.0.0 in ./.pybuilder/plugins/cpython-3.10.8.final.0/lib/python3.10/site-packages (from twine>=1.15.0) (13.7.1)
Requirement already satisfied: lxml in ./.pybuilder/plugins/cpython-3.10.8.final.0/lib/python3.10/site-packages (from unittest-xml-reporting>=3.0.4) (5.2.1)
Requirement already satisfied: zipp>=0.5 in ./.pybuilder/plugins/cpython-3.10.8.final.0/lib/python3.10/site-packages (from importlib-metadata>=3.6->twine>=1.15.0) (3.18.1)
Requirement already satisfied: jaraco.classes in ./.pybuilder/plugins/cpython-3.10.8.final.0/lib/python3.10/site-packages (from keyring>=15.1->twine>=1.15.0) (3.4.0)
Requirement already satisfied: jaraco.functools in ./.pybuilder/plugins/cpython-3.10.8.final.0/lib/python3.10/site-packages (from keyring>=15.1->twine>=1.15.0) (4.0.0)
Requirement already satisfied: jaraco.context in ./.pybuilder/plugins/cpython-3.10.8.final.0/lib/python3.10/site-packages (from keyring>=15.1->twine>=1.15.0) (5.3.0)
Requirement already satisfied: nh3>=0.2.14 in ./.pybuilder/plugins/cpython-3.10.8.final.0/lib/python3.10/site-packages (from readme-renderer>=35.0->twine>=1.15.0) (0.2.17)
Requirement already satisfied: docutils>=0.13.1 in ./.pybuilder/plugins/cpython-3.10.8.final.0/lib/python3.10/site-packages (from readme-renderer>=35.0->twine>=1.15.0) (0.21.1)
Requirement already satisfied: Pygments>=2.5.1 in ./.pybuilder/plugins/cpython-3.10.8.final.0/lib/python3.10/site-packages (from readme-renderer>=35.0->twine>=1.15.0) (2.17.2)
Requirement already satisfied: charset-normalizer<4,>=2 in ./.pybuilder/plugins/cpython-3.10.8.final.0/lib/python3.10/site-packages (from requests>=2.20->twine>=1.15.0) (3.3.2)
Requirement already satisfied: idna<4,>=2.5 in ./.pybuilder/plugins/cpython-3.10.8.final.0/lib/python3.10/site-packages (from requests>=2.20->twine>=1.15.0) (3.7)
Requirement already satisfied: certifi>=2017.4.17 in ./.pybuilder/plugins/cpython-3.10.8.final.0/lib/python3.10/site-packages (from requests>=2.20->twine>=1.15.0) (2024.2.2)
Requirement already satisfied: markdown-it-py>=2.2.0 in ./.pybuilder/plugins/cpython-3.10.8.final.0/lib/python3.10/site-packages (from rich>=12.0.0->twine>=1.15.0) (3.0.0)
Requirement already satisfied: mdurl~=0.1 in ./.pybuilder/plugins/cpython-3.10.8.final.0/lib/python3.10/site-packages (from markdown-it-py>=2.2.0->rich>=12.0.0->twine>=1.15.0) (0.1.2)
Requirement already satisfied: more-itertools in ./.pybuilder/plugins/cpython-3.10.8.final.0/lib/python3.10/site-packages (from jaraco.classes->keyring>=15.1->twine>=1.15.0) (10.2.0)
Requirement already satisfied: backports.tarfile in ./.pybuilder/plugins/cpython-3.10.8.final.0/lib/python3.10/site-packages (from jaraco.context->keyring>=15.1->twine>=1.15.0) (1.1.0)

[notice] A new release of pip is available: 23.3.1 -> 24.0
[notice] To update, run: pip install --upgrade pip
Requirement already satisfied: setuptools>=38.6.0 in ./.pybuilder/plugins/cpython-3.10.8.final.0/lib/python3.10/site-packages (69.0.2)
Requirement already satisfied: wheel>=0.34.0 in ./.pybuilder/plugins/cpython-3.10.8.final.0/lib/python3.10/site-packages (0.42.0)

[notice] A new release of pip is available: 23.3.1 -> 24.0
[notice] To update, run: pip install --upgrade pip
Requirement already satisfied: coverage>=6.0 in ./.pybuilder/plugins/cpython-3.10.8.final.0/lib/python3.10/site-packages (7.4.4)
Requirement already satisfied: flake8>=4.0 in ./.pybuilder/plugins/cpython-3.10.8.final.0/lib/python3.10/site-packages (7.0.0)
Requirement already satisfied: pypandoc~=1.4 in ./.pybuilder/plugins/cpython-3.10.8.final.0/lib/python3.10/site-packages (1.13)
Requirement already satisfied: twine>=1.15.0 in ./.pybuilder/plugins/cpython-3.10.8.final.0/lib/python3.10/site-packages (5.0.0)
Requirement already satisfied: unittest-xml-reporting>=3.0.4 in ./.pybuilder/plugins/cpython-3.10.8.final.0/lib/python3.10/site-packages (3.2.0)
Requirement already satisfied: mccabe<0.8.0,>=0.7.0 in ./.pybuilder/plugins/cpython-3.10.8.final.0/lib/python3.10/site-packages (from flake8>=4.0) (0.7.0)
Requirement already satisfied: pycodestyle<2.12.0,>=2.11.0 in ./.pybuilder/plugins/cpython-3.10.8.final.0/lib/python3.10/site-packages (from flake8>=4.0) (2.11.1)
Requirement already satisfied: pyflakes<3.3.0,>=3.2.0 in ./.pybuilder/plugins/cpython-3.10.8.final.0/lib/python3.10/site-packages (from flake8>=4.0) (3.2.0)
Requirement already satisfied: pkginfo>=1.8.1 in ./.pybuilder/plugins/cpython-3.10.8.final.0/lib/python3.10/site-packages (from twine>=1.15.0) (1.10.0)
Requirement already satisfied: readme-renderer>=35.0 in ./.pybuilder/plugins/cpython-3.10.8.final.0/lib/python3.10/site-packages (from twine>=1.15.0) (43.0)
Requirement already satisfied: requests>=2.20 in ./.pybuilder/plugins/cpython-3.10.8.final.0/lib/python3.10/site-packages (from twine>=1.15.0) (2.31.0)
Requirement already satisfied: requests-toolbelt!=0.9.0,>=0.8.0 in ./.pybuilder/plugins/cpython-3.10.8.final.0/lib/python3.10/site-packages (from twine>=1.15.0) (1.0.0)
Requirement already satisfied: urllib3>=1.26.0 in ./.pybuilder/plugins/cpython-3.10.8.final.0/lib/python3.10/site-packages (from twine>=1.15.0) (2.2.1)
Requirement already satisfied: importlib-metadata>=3.6 in ./.pybuilder/plugins/cpython-3.10.8.final.0/lib/python3.10/site-packages (from twine>=1.15.0) (7.1.0)
Requirement already satisfied: keyring>=15.1 in ./.pybuilder/plugins/cpython-3.10.8.final.0/lib/python3.10/site-packages (from twine>=1.15.0) (25.1.0)
Requirement already satisfied: rfc3986>=1.4.0 in ./.pybuilder/plugins/cpython-3.10.8.final.0/lib/python3.10/site-packages (from twine>=1.15.0) (2.0.0)
Requirement already satisfied: rich>=12.0.0 in ./.pybuilder/plugins/cpython-3.10.8.final.0/lib/python3.10/site-packages (from twine>=1.15.0) (13.7.1)
Requirement already satisfied: lxml in ./.pybuilder/plugins/cpython-3.10.8.final.0/lib/python3.10/site-packages (from unittest-xml-reporting>=3.0.4) (5.2.1)
Requirement already satisfied: zipp>=0.5 in ./.pybuilder/plugins/cpython-3.10.8.final.0/lib/python3.10/site-packages (from importlib-metadata>=3.6->twine>=1.15.0) (3.18.1)
Requirement already satisfied: jaraco.classes in ./.pybuilder/plugins/cpython-3.10.8.final.0/lib/python3.10/site-packages (from keyring>=15.1->twine>=1.15.0) (3.4.0)
Requirement already satisfied: jaraco.functools in ./.pybuilder/plugins/cpython-3.10.8.final.0/lib/python3.10/site-packages (from keyring>=15.1->twine>=1.15.0) (4.0.0)
Requirement already satisfied: jaraco.context in ./.pybuilder/plugins/cpython-3.10.8.final.0/lib/python3.10/site-packages (from keyring>=15.1->twine>=1.15.0) (5.3.0)
Requirement already satisfied: nh3>=0.2.14 in ./.pybuilder/plugins/cpython-3.10.8.final.0/lib/python3.10/site-packages (from readme-renderer>=35.0->twine>=1.15.0) (0.2.17)
Requirement already satisfied: docutils>=0.13.1 in ./.pybuilder/plugins/cpython-3.10.8.final.0/lib/python3.10/site-packages (from readme-renderer>=35.0->twine>=1.15.0) (0.21.1)
Requirement already satisfied: Pygments>=2.5.1 in ./.pybuilder/plugins/cpython-3.10.8.final.0/lib/python3.10/site-packages (from readme-renderer>=35.0->twine>=1.15.0) (2.17.2)
Requirement already satisfied: charset-normalizer<4,>=2 in ./.pybuilder/plugins/cpython-3.10.8.final.0/lib/python3.10/site-packages (from requests>=2.20->twine>=1.15.0) (3.3.2)
Requirement already satisfied: idna<4,>=2.5 in ./.pybuilder/plugins/cpython-3.10.8.final.0/lib/python3.10/site-packages (from requests>=2.20->twine>=1.15.0) (3.7)
Requirement already satisfied: certifi>=2017.4.17 in ./.pybuilder/plugins/cpython-3.10.8.final.0/lib/python3.10/site-packages (from requests>=2.20->twine>=1.15.0) (2024.2.2)
Requirement already satisfied: markdown-it-py>=2.2.0 in ./.pybuilder/plugins/cpython-3.10.8.final.0/lib/python3.10/site-packages (from rich>=12.0.0->twine>=1.15.0) (3.0.0)
Requirement already satisfied: mdurl~=0.1 in ./.pybuilder/plugins/cpython-3.10.8.final.0/lib/python3.10/site-packages (from markdown-it-py>=2.2.0->rich>=12.0.0->twine>=1.15.0) (0.1.2)
Requirement already satisfied: more-itertools in ./.pybuilder/plugins/cpython-3.10.8.final.0/lib/python3.10/site-packages (from jaraco.classes->keyring>=15.1->twine>=1.15.0) (10.2.0)
Requirement already satisfied: backports.tarfile in ./.pybuilder/plugins/cpython-3.10.8.final.0/lib/python3.10/site-packages (from jaraco.context->keyring>=15.1->twine>=1.15.0) (1.1.0)

[notice] A new release of pip is available: 23.3.1 -> 24.0
[notice] To update, run: pip install --upgrade pip
Requirement already satisfied: setuptools>=38.6.0 in ./.pybuilder/plugins/cpython-3.10.8.final.0/lib/python3.10/site-packages (69.0.2)
Requirement already satisfied: wheel>=0.34.0 in ./.pybuilder/plugins/cpython-3.10.8.final.0/lib/python3.10/site-packages (0.42.0)

[notice] A new release of pip is available: 23.3.1 -> 24.0
[notice] To update, run: pip install --upgrade pip
Requirement already satisfied: coverage>=6.0 in ./.pybuilder/plugins/cpython-3.10.8.final.0/lib/python3.10/site-packages (7.4.4)
Requirement already satisfied: flake8>=4.0 in ./.pybuilder/plugins/cpython-3.10.8.final.0/lib/python3.10/site-packages (7.0.0)
Requirement already satisfied: pypandoc~=1.4 in ./.pybuilder/plugins/cpython-3.10.8.final.0/lib/python3.10/site-packages (1.13)
Requirement already satisfied: twine>=1.15.0 in ./.pybuilder/plugins/cpython-3.10.8.final.0/lib/python3.10/site-packages (5.0.0)
Requirement already satisfied: unittest-xml-reporting>=3.0.4 in ./.pybuilder/plugins/cpython-3.10.8.final.0/lib/python3.10/site-packages (3.2.0)
Requirement already satisfied: mccabe<0.8.0,>=0.7.0 in ./.pybuilder/plugins/cpython-3.10.8.final.0/lib/python3.10/site-packages (from flake8>=4.0) (0.7.0)
Requirement already satisfied: pycodestyle<2.12.0,>=2.11.0 in ./.pybuilder/plugins/cpython-3.10.8.final.0/lib/python3.10/site-packages (from flake8>=4.0) (2.11.1)
Requirement already satisfied: pyflakes<3.3.0,>=3.2.0 in ./.pybuilder/plugins/cpython-3.10.8.final.0/lib/python3.10/site-packages (from flake8>=4.0) (3.2.0)
Requirement already satisfied: pkginfo>=1.8.1 in ./.pybuilder/plugins/cpython-3.10.8.final.0/lib/python3.10/site-packages (from twine>=1.15.0) (1.10.0)
Requirement already satisfied: readme-renderer>=35.0 in ./.pybuilder/plugins/cpython-3.10.8.final.0/lib/python3.10/site-packages (from twine>=1.15.0) (43.0)
Requirement already satisfied: requests>=2.20 in ./.pybuilder/plugins/cpython-3.10.8.final.0/lib/python3.10/site-packages (from twine>=1.15.0) (2.31.0)
Requirement already satisfied: requests-toolbelt!=0.9.0,>=0.8.0 in ./.pybuilder/plugins/cpython-3.10.8.final.0/lib/python3.10/site-packages (from twine>=1.15.0) (1.0.0)
Requirement already satisfied: urllib3>=1.26.0 in ./.pybuilder/plugins/cpython-3.10.8.final.0/lib/python3.10/site-packages (from twine>=1.15.0) (2.2.1)
Requirement already satisfied: importlib-metadata>=3.6 in ./.pybuilder/plugins/cpython-3.10.8.final.0/lib/python3.10/site-packages (from twine>=1.15.0) (7.1.0)
Requirement already satisfied: keyring>=15.1 in ./.pybuilder/plugins/cpython-3.10.8.final.0/lib/python3.10/site-packages (from twine>=1.15.0) (25.1.0)
Requirement already satisfied: rfc3986>=1.4.0 in ./.pybuilder/plugins/cpython-3.10.8.final.0/lib/python3.10/site-packages (from twine>=1.15.0) (2.0.0)
Requirement already satisfied: rich>=12.0.0 in ./.pybuilder/plugins/cpython-3.10.8.final.0/lib/python3.10/site-packages (from twine>=1.15.0) (13.7.1)
Requirement already satisfied: lxml in ./.pybuilder/plugins/cpython-3.10.8.final.0/lib/python3.10/site-packages (from unittest-xml-reporting>=3.0.4) (5.2.1)
Requirement already satisfied: zipp>=0.5 in ./.pybuilder/plugins/cpython-3.10.8.final.0/lib/python3.10/site-packages (from importlib-metadata>=3.6->twine>=1.15.0) (3.18.1)
Requirement already satisfied: jaraco.classes in ./.pybuilder/plugins/cpython-3.10.8.final.0/lib/python3.10/site-packages (from keyring>=15.1->twine>=1.15.0) (3.4.0)
Requirement already satisfied: jaraco.functools in ./.pybuilder/plugins/cpython-3.10.8.final.0/lib/python3.10/site-packages (from keyring>=15.1->twine>=1.15.0) (4.0.0)
Requirement already satisfied: jaraco.context in ./.pybuilder/plugins/cpython-3.10.8.final.0/lib/python3.10/site-packages (from keyring>=15.1->twine>=1.15.0) (5.3.0)
Requirement already satisfied: nh3>=0.2.14 in ./.pybuilder/plugins/cpython-3.10.8.final.0/lib/python3.10/site-packages (from readme-renderer>=35.0->twine>=1.15.0) (0.2.17)
Requirement already satisfied: docutils>=0.13.1 in ./.pybuilder/plugins/cpython-3.10.8.final.0/lib/python3.10/site-packages (from readme-renderer>=35.0->twine>=1.15.0) (0.21.1)
Requirement already satisfied: Pygments>=2.5.1 in ./.pybuilder/plugins/cpython-3.10.8.final.0/lib/python3.10/site-packages (from readme-renderer>=35.0->twine>=1.15.0) (2.17.2)
Requirement already satisfied: charset-normalizer<4,>=2 in ./.pybuilder/plugins/cpython-3.10.8.final.0/lib/python3.10/site-packages (from requests>=2.20->twine>=1.15.0) (3.3.2)
Requirement already satisfied: idna<4,>=2.5 in ./.pybuilder/plugins/cpython-3.10.8.final.0/lib/python3.10/site-packages (from requests>=2.20->twine>=1.15.0) (3.7)
Requirement already satisfied: certifi>=2017.4.17 in ./.pybuilder/plugins/cpython-3.10.8.final.0/lib/python3.10/site-packages (from requests>=2.20->twine>=1.15.0) (2024.2.2)
Requirement already satisfied: markdown-it-py>=2.2.0 in ./.pybuilder/plugins/cpython-3.10.8.final.0/lib/python3.10/site-packages (from rich>=12.0.0->twine>=1.15.0) (3.0.0)
Requirement already satisfied: mdurl~=0.1 in ./.pybuilder/plugins/cpython-3.10.8.final.0/lib/python3.10/site-packages (from markdown-it-py>=2.2.0->rich>=12.0.0->twine>=1.15.0) (0.1.2)
Requirement already satisfied: more-itertools in ./.pybuilder/plugins/cpython-3.10.8.final.0/lib/python3.10/site-packages (from jaraco.classes->keyring>=15.1->twine>=1.15.0) (10.2.0)
Requirement already satisfied: backports.tarfile in ./.pybuilder/plugins/cpython-3.10.8.final.0/lib/python3.10/site-packages (from jaraco.context->keyring>=15.1->twine>=1.15.0) (1.1.0)

[notice] A new release of pip is available: 23.3.1 -> 24.0
[notice] To update, run: pip install --upgrade pip
Requirement already satisfied: setuptools>=38.6.0 in ./.pybuilder/plugins/cpython-3.10.8.final.0/lib/python3.10/site-packages (69.0.2)
Requirement already satisfied: wheel>=0.34.0 in ./.pybuilder/plugins/cpython-3.10.8.final.0/lib/python3.10/site-packages (0.42.0)

[notice] A new release of pip is available: 23.3.1 -> 24.0
[notice] To update, run: pip install --upgrade pip
